cir> cirr tests.fraig/ISCAS85/C1355.aag

cir> cirrar

----  Preprocess ----
Done
----  Run SATrar ----
  w_t(3, 4)
    conflict gid 3
  w_t(3, 5)
    conflict gid 2
  w_t(4, 6)
        conflict gid 1
  w_t(5, 6)
        conflict gid 2
  w_t(6, 13)
    conflict gid 16
  w_t(6, 14)
  w_t(9, 10)
    conflict gid 9
  w_t(9, 11)
    conflict gid 8
  w_t(10, 12)
        conflict gid 7
  w_t(11, 12)
        conflict gid 8
  w_t(12, 13)
    conflict gid 15
  w_t(12, 15)
  w_t(13, 14)
    conflict gid 13
  w_t(13, 15)
    conflict gid 7
  w_t(14, 16)
  w_t(15, 16)
  w_t(16, 60)
    conflict gid 63
  w_t(16, 61)
  w_t(19, 56)
  w_t(19, 57)
  w_t(22, 23)
    conflict gid 22
  w_t(22, 24)
    conflict gid 21
  w_t(23, 25)
        conflict gid 20
  w_t(24, 25)
        conflict gid 21
  w_t(25, 32)
    conflict gid 35
  w_t(25, 33)
  w_t(28, 29)
    conflict gid 28
  w_t(28, 30)
    conflict gid 27
  w_t(29, 31)
        conflict gid 26
  w_t(30, 31)
        conflict gid 27
  w_t(31, 32)
    conflict gid 34
  w_t(31, 34)
  w_t(32, 33)
    conflict gid 32
  w_t(32, 34)
    conflict gid 26
  w_t(33, 35)
  w_t(34, 35)
  w_t(35, 52)
    conflict gid 55
  w_t(35, 53)
        conflict gid 305
  w_t(35, 304)
    conflict gid 307
  w_t(35, 305)
        conflict gid 53
  w_t(38, 39)
    conflict gid 38
  w_t(38, 40)
    conflict gid 37
  w_t(39, 41)
        conflict gid 36
  w_t(40, 41)
        conflict gid 37
  w_t(41, 48)
    conflict gid 51
  w_t(41, 49)
  w_t(44, 45)
    conflict gid 44
  w_t(44, 46)
    conflict gid 43
  w_t(45, 47)
        conflict gid 42
  w_t(46, 47)
        conflict gid 43
  w_t(47, 48)
    conflict gid 50
  w_t(47, 50)
  w_t(48, 49)
    conflict gid 48
  w_t(48, 50)
    conflict gid 42
  w_t(49, 51)
  w_t(50, 51)
  w_t(51, 52)
    conflict gid 54
  w_t(51, 54)
        conflict gid 332
  w_t(51, 331)
    conflict gid 334
  w_t(51, 332)
        conflict gid 54
  w_t(52, 53)
    conflict gid 52
  w_t(52, 54)
    conflict gid 36
  w_t(53, 55)
        conflict gid 35
  w_t(54, 55)
        conflict gid 51
  w_t(55, 56)
    conflict gid 58
  w_t(55, 58)
  w_t(56, 57)
    conflict gid 56
  w_t(56, 58)
    conflict gid 20
  w_t(57, 59)
  w_t(58, 59)
  w_t(59, 60)
    conflict gid 62
  w_t(59, 62)
  w_t(60, 61)
    conflict gid 60
  w_t(60, 62)
    conflict gid 17
  w_t(61, 63)
    conflict gid 239
  w_t(62, 63)
    conflict gid 239
  w_t(63, 238)
    conflict gid 347
  w_t(63, 238)
    conflict gid 347
  w_t(63, 346)
    conflict gid 239
  w_t(63, 346)
    conflict gid 239
  w_t(63, 352)
    conflict gid 239
  w_t(63, 352)
    conflict gid 239
  w_t(63, 361)
    conflict gid 239
  w_t(63, 371)
    conflict gid 371
  w_t(63, 405)
    conflict gid 405
  w_t(63, 439)
    conflict gid 439
  w_t(63, 473)
    conflict gid 473
  w_t(63, 530)
    conflict gid 239
  w_t(63, 564)
    conflict gid 239
  w_t(63, 596)
    conflict gid 239
  w_t(63, 596)
    conflict gid 239
  w_t(63, 630)
    conflict gid 239
  w_t(63, 630)
    conflict gid 239
  w_t(317, 318)
    conflict gid 102
  w_t(317, 319)
    conflict gid 87
  w_t(318, 320)
        conflict gid 86
  w_t(319, 320)
        conflict gid 101
  w_t(320, 325)
    conflict gid 328
  w_t(320, 326)
  w_t(321, 322)
    conflict gid 160
  w_t(321, 323)
    conflict gid 145
  w_t(322, 324)
        conflict gid 144
  w_t(323, 324)
        conflict gid 159
  w_t(324, 325)
    conflict gid 327
  w_t(324, 327)
  w_t(325, 326)
    conflict gid 325
  w_t(325, 327)
    conflict gid 321
  w_t(326, 328)
  w_t(327, 328)
  w_t(328, 339)
    conflict gid 342
  w_t(328, 340)
  w_t(330, 335)
  w_t(330, 336)
  w_t(265, 266)
    conflict gid 128
  w_t(265, 267)
    conflict gid 70
  w_t(266, 268)
        conflict gid 69
  w_t(267, 268)
        conflict gid 127
  w_t(268, 273)
    conflict gid 276
  w_t(268, 274)
  w_t(269, 270)
    conflict gid 215
  w_t(269, 271)
    conflict gid 187
  w_t(270, 272)
        conflict gid 186
  w_t(271, 272)
        conflict gid 214
  w_t(272, 273)
    conflict gid 275
  w_t(272, 275)
  w_t(273, 274)
    conflict gid 273
  w_t(273, 275)
    conflict gid 269
  w_t(274, 276)
  w_t(275, 276)
  w_t(276, 277)
    conflict gid 279
  w_t(276, 279)
        conflict gid 333
  w_t(276, 331)
    conflict gid 333
  w_t(276, 333)
        conflict gid 279
  w_t(331, 332)
    conflict gid 277
  w_t(331, 333)
    conflict gid 52
  w_t(332, 334)
        conflict gid 51
  w_t(333, 334)
        conflict gid 276
  w_t(334, 335)
    conflict gid 337
  w_t(334, 337)
  w_t(335, 336)
    conflict gid 335
  w_t(335, 337)
    conflict gid 331
  w_t(336, 338)
  w_t(337, 338)
  w_t(338, 339)
    conflict gid 341
  w_t(338, 341)
  w_t(339, 340)
    conflict gid 339
  w_t(339, 341)
    conflict gid 329
  w_t(340, 342)
    conflict gid 349
  w_t(341, 342)
    conflict gid 349
  w_t(342, 345)
    conflict gid 349
  w_t(342, 348)
  w_t(342, 348)
  w_t(342, 354)
  w_t(342, 354)
  w_t(342, 360)
  w_t(342, 360)
  w_t(342, 392)
    conflict gid 371
  w_t(342, 426)
    conflict gid 405
  w_t(342, 460)
    conflict gid 439
  w_t(342, 494)
    conflict gid 473
  w_t(342, 502)
    conflict gid 349
  w_t(342, 502)
    conflict gid 349
  w_t(342, 566)
    conflict gid 349
  w_t(342, 597)
    conflict gid 349
  w_t(342, 597)
    conflict gid 349
  w_t(342, 634)
    conflict gid 349
  w_t(360, 363)
    conflict gid 343
  w_t(290, 291)
    conflict gid 101
  w_t(290, 292)
    conflict gid 86
  w_t(291, 293)
        conflict gid 85
  w_t(292, 293)
        conflict gid 100
  w_t(293, 298)
    conflict gid 301
  w_t(293, 299)
  w_t(294, 295)
    conflict gid 159
  w_t(294, 296)
    conflict gid 144
  w_t(295, 297)
        conflict gid 143
  w_t(296, 297)
        conflict gid 158
  w_t(297, 298)
    conflict gid 300
  w_t(297, 300)
  w_t(298, 299)
    conflict gid 298
  w_t(298, 300)
    conflict gid 294
  w_t(299, 301)
  w_t(300, 301)
  w_t(301, 312)
    conflict gid 315
  w_t(301, 313)
  w_t(303, 308)
  w_t(303, 309)
  w_t(253, 254)
    conflict gid 127
  w_t(253, 255)
    conflict gid 69
  w_t(254, 256)
        conflict gid 68
  w_t(255, 256)
        conflict gid 126
  w_t(256, 261)
    conflict gid 264
  w_t(256, 262)
  w_t(257, 258)
    conflict gid 214
  w_t(257, 259)
    conflict gid 186
  w_t(258, 260)
        conflict gid 185
  w_t(259, 260)
        conflict gid 213
  w_t(260, 261)
    conflict gid 263
  w_t(260, 263)
  w_t(261, 262)
    conflict gid 261
  w_t(261, 263)
    conflict gid 257
  w_t(262, 264)
  w_t(263, 264)
  w_t(264, 277)
    conflict gid 280
  w_t(264, 278)
        conflict gid 306
  w_t(264, 304)
    conflict gid 306
  w_t(264, 306)
        conflict gid 278
  w_t(304, 305)
    conflict gid 265
  w_t(304, 306)
    conflict gid 36
  w_t(305, 307)
        conflict gid 35
  w_t(306, 307)
        conflict gid 264
  w_t(307, 308)
    conflict gid 310
  w_t(307, 310)
  w_t(308, 309)
    conflict gid 308
  w_t(308, 310)
    conflict gid 304
  w_t(309, 311)
  w_t(310, 311)
  w_t(311, 312)
    conflict gid 314
  w_t(311, 314)
  w_t(312, 313)
    conflict gid 312
  w_t(312, 314)
    conflict gid 302
  w_t(313, 315)
    conflict gid 317
  w_t(314, 315)
    conflict gid 317
  w_t(315, 316)
    conflict gid 354
  w_t(315, 316)
    conflict gid 354
  w_t(315, 350)
    conflict gid 317
  w_t(315, 353)
    conflict gid 317
  w_t(315, 353)
    conflict gid 317
  w_t(315, 359)
    conflict gid 317
  w_t(315, 359)
    conflict gid 317
  w_t(315, 385)
    conflict gid 371
  w_t(315, 419)
    conflict gid 405
  w_t(315, 453)
    conflict gid 439
  w_t(315, 487)
    conflict gid 473
  w_t(315, 531)
    conflict gid 317
  w_t(315, 563)
    conflict gid 317
  w_t(315, 563)
    conflict gid 317
  w_t(315, 599)
    conflict gid 317
  w_t(315, 631)
    conflict gid 317
  w_t(315, 631)
    conflict gid 317
  w_t(359, 362)
    conflict gid 316
  w_t(239, 240)
    conflict gid 96
  w_t(239, 241)
    conflict gid 81
  w_t(240, 242)
        conflict gid 80
  w_t(241, 242)
        conflict gid 95
  w_t(242, 247)
    conflict gid 250
  w_t(242, 248)
  w_t(243, 244)
    conflict gid 154
  w_t(243, 245)
    conflict gid 139
  w_t(244, 246)
        conflict gid 138
  w_t(245, 246)
        conflict gid 153
  w_t(246, 247)
    conflict gid 249
  w_t(246, 249)
  w_t(247, 248)
    conflict gid 247
  w_t(247, 249)
    conflict gid 243
  w_t(248, 250)
  w_t(249, 250)
  w_t(250, 285)
    conflict gid 288
  w_t(250, 286)
  w_t(252, 281)
  w_t(252, 282)
  w_t(277, 278)
    conflict gid 277
  w_t(277, 279)
    conflict gid 265
  w_t(278, 280)
        conflict gid 264
  w_t(279, 280)
        conflict gid 276
  w_t(280, 281)
    conflict gid 283
  w_t(280, 283)
  w_t(281, 282)
    conflict gid 281
  w_t(281, 283)
    conflict gid 253
  w_t(282, 284)
  w_t(283, 284)
  w_t(284, 285)
    conflict gid 287
  w_t(284, 287)
  w_t(285, 286)
    conflict gid 285
  w_t(285, 287)
    conflict gid 251
  w_t(286, 288)
    conflict gid 290
  w_t(287, 288)
    conflict gid 290
  w_t(288, 289)
    conflict gid 348
  w_t(288, 289)
    conflict gid 348
  w_t(288, 347)
    conflict gid 290
  w_t(288, 347)
    conflict gid 290
  w_t(288, 355)
    conflict gid 290
  w_t(288, 358)
    conflict gid 290
  w_t(288, 358)
    conflict gid 290
  w_t(288, 378)
    conflict gid 371
  w_t(288, 412)
    conflict gid 405
  w_t(288, 446)
    conflict gid 439
  w_t(288, 480)
    conflict gid 473
  w_t(288, 501)
    conflict gid 290
  w_t(288, 501)
    conflict gid 290
  w_t(288, 562)
    conflict gid 290
  w_t(288, 562)
    conflict gid 290
  w_t(288, 598)
    conflict gid 290
  w_t(288, 632)
    conflict gid 290
  w_t(358, 361)
    conflict gid 289
  w_t(361, 362)
    conflict gid 289
  w_t(362, 363)
    conflict gid 289
  w_t(363, 366)
  w_t(354, 357)
    conflict gid 343
  w_t(353, 356)
    conflict gid 316
  w_t(352, 355)
    conflict gid 64
  w_t(355, 356)
    conflict gid 64
  w_t(356, 357)
    conflict gid 64
  w_t(357, 365)
  w_t(316, 344)
    conflict gid 316
  w_t(238, 343)
    conflict gid 64
  w_t(289, 343)
    conflict gid 289
  w_t(343, 344)
    conflict gid 289
  w_t(344, 345)
    conflict gid 289
  w_t(345, 364)
  w_t(348, 351)
    conflict gid 343
  w_t(346, 349)
    conflict gid 64
  w_t(347, 349)
    conflict gid 289
  w_t(349, 350)
    conflict gid 289
  w_t(350, 351)
    conflict gid 289
  w_t(351, 364)
  w_t(364, 365)
  w_t(365, 366)
  w_t(366, 370)
    conflict gid 439
  w_t(366, 404)
    conflict gid 439
  w_t(366, 438)
    conflict gid 371
  w_t(366, 472)
    conflict gid 371
  w_t(209, 210)
    conflict gid 44
  w_t(209, 211)
    conflict gid 28
  w_t(210, 212)
        conflict gid 27
  w_t(211, 212)
        conflict gid 43
  w_t(212, 219)
    conflict gid 222
  w_t(212, 220)
  w_t(215, 216)
    conflict gid 215
  w_t(215, 217)
    conflict gid 214
  w_t(216, 218)
        conflict gid 213
  w_t(217, 218)
        conflict gid 214
  w_t(218, 219)
    conflict gid 221
  w_t(218, 221)
  w_t(219, 220)
    conflict gid 219
  w_t(219, 221)
    conflict gid 213
  w_t(220, 222)
  w_t(221, 222)
  w_t(222, 233)
    conflict gid 236
  w_t(222, 234)
  w_t(224, 229)
  w_t(224, 230)
  w_t(96, 97)
    conflict gid 96
  w_t(96, 98)
    conflict gid 3
  w_t(97, 99)
        conflict gid 2
  w_t(98, 99)
        conflict gid 95
  w_t(99, 106)
    conflict gid 109
  w_t(99, 107)
  w_t(102, 103)
    conflict gid 102
  w_t(102, 104)
    conflict gid 101
  w_t(103, 105)
        conflict gid 100
  w_t(104, 105)
        conflict gid 101
  w_t(105, 106)
    conflict gid 108
  w_t(105, 108)
  w_t(106, 107)
    conflict gid 106
  w_t(106, 108)
    conflict gid 100
  w_t(107, 109)
  w_t(108, 109)
  w_t(109, 110)
    conflict gid 112
  w_t(109, 112)
        conflict gid 226
  w_t(109, 225)
    conflict gid 228
  w_t(109, 226)
        conflict gid 112
  w_t(154, 155)
    conflict gid 154
  w_t(154, 156)
    conflict gid 9
  w_t(155, 157)
        conflict gid 8
  w_t(156, 157)
        conflict gid 153
  w_t(157, 164)
    conflict gid 167
  w_t(157, 165)
  w_t(160, 161)
    conflict gid 160
  w_t(160, 162)
    conflict gid 159
  w_t(161, 163)
        conflict gid 158
  w_t(162, 163)
        conflict gid 159
  w_t(163, 164)
    conflict gid 166
  w_t(163, 166)
  w_t(164, 165)
    conflict gid 164
  w_t(164, 166)
    conflict gid 158
  w_t(165, 167)
  w_t(166, 167)
  w_t(167, 168)
    conflict gid 170
  w_t(167, 170)
        conflict gid 227
  w_t(167, 225)
    conflict gid 227
  w_t(167, 227)
        conflict gid 170
  w_t(225, 226)
    conflict gid 168
  w_t(225, 227)
    conflict gid 110
  w_t(226, 228)
        conflict gid 109
  w_t(227, 228)
        conflict gid 167
  w_t(228, 229)
    conflict gid 231
  w_t(228, 231)
  w_t(229, 230)
    conflict gid 229
  w_t(229, 231)
    conflict gid 225
  w_t(230, 232)
  w_t(231, 232)
  w_t(232, 233)
    conflict gid 235
  w_t(232, 235)
  w_t(233, 234)
    conflict gid 233
  w_t(233, 235)
    conflict gid 223
  w_t(234, 236)
    conflict gid 238
  w_t(235, 236)
    conflict gid 238
  w_t(236, 237)
    conflict gid 435
  w_t(236, 237)
    conflict gid 435
  w_t(236, 403)
    conflict gid 238
  w_t(236, 434)
    conflict gid 238
  w_t(236, 434)
    conflict gid 238
  w_t(236, 471)
    conflict gid 238
  w_t(236, 508)
    conflict gid 238
  w_t(236, 511)
  w_t(236, 511)
  w_t(236, 517)
  w_t(236, 517)
  w_t(236, 523)
  w_t(236, 523)
  w_t(236, 555)
    conflict gid 534
  w_t(236, 589)
    conflict gid 568
  w_t(236, 623)
    conflict gid 602
  w_t(236, 657)
    conflict gid 636
  w_t(237, 369)
    conflict gid 237
  w_t(181, 182)
    conflict gid 43
  w_t(181, 183)
    conflict gid 27
  w_t(182, 184)
        conflict gid 26
  w_t(183, 184)
        conflict gid 42
  w_t(184, 191)
    conflict gid 194
  w_t(184, 192)
  w_t(187, 188)
    conflict gid 187
  w_t(187, 189)
    conflict gid 186
  w_t(188, 190)
        conflict gid 185
  w_t(189, 190)
        conflict gid 186
  w_t(190, 191)
    conflict gid 193
  w_t(190, 193)
  w_t(191, 192)
    conflict gid 191
  w_t(191, 193)
    conflict gid 185
  w_t(192, 194)
  w_t(193, 194)
  w_t(194, 205)
    conflict gid 208
  w_t(194, 206)
  w_t(196, 201)
  w_t(196, 202)
  w_t(81, 82)
    conflict gid 81
  w_t(81, 83)
    conflict gid 2
  w_t(82, 84)
        conflict gid 1
  w_t(83, 84)
        conflict gid 80
  w_t(84, 91)
    conflict gid 94
  w_t(84, 92)
  w_t(87, 88)
    conflict gid 87
  w_t(87, 89)
    conflict gid 86
  w_t(88, 90)
        conflict gid 85
  w_t(89, 90)
        conflict gid 86
  w_t(90, 91)
    conflict gid 93
  w_t(90, 93)
  w_t(91, 92)
    conflict gid 91
  w_t(91, 93)
    conflict gid 85
  w_t(92, 94)
  w_t(93, 94)
  w_t(94, 110)
    conflict gid 113
  w_t(94, 111)
        conflict gid 198
  w_t(94, 197)
    conflict gid 200
  w_t(94, 198)
        conflict gid 111
  w_t(139, 140)
    conflict gid 139
  w_t(139, 141)
    conflict gid 8
  w_t(140, 142)
        conflict gid 7
  w_t(141, 142)
        conflict gid 138
  w_t(142, 149)
    conflict gid 152
  w_t(142, 150)
  w_t(145, 146)
    conflict gid 145
  w_t(145, 147)
    conflict gid 144
  w_t(146, 148)
        conflict gid 143
  w_t(147, 148)
        conflict gid 144
  w_t(148, 149)
    conflict gid 151
  w_t(148, 151)
  w_t(149, 150)
    conflict gid 149
  w_t(149, 151)
    conflict gid 143
  w_t(150, 152)
  w_t(151, 152)
  w_t(152, 168)
    conflict gid 171
  w_t(152, 169)
        conflict gid 199
  w_t(152, 197)
    conflict gid 199
  w_t(152, 199)
        conflict gid 169
  w_t(197, 198)
    conflict gid 153
  w_t(197, 199)
    conflict gid 95
  w_t(198, 200)
        conflict gid 94
  w_t(199, 200)
        conflict gid 152
  w_t(200, 201)
    conflict gid 203
  w_t(200, 203)
  w_t(201, 202)
    conflict gid 201
  w_t(201, 203)
    conflict gid 197
  w_t(202, 204)
  w_t(203, 204)
  w_t(204, 205)
    conflict gid 207
  w_t(204, 207)
  w_t(205, 206)
    conflict gid 205
  w_t(205, 207)
    conflict gid 195
  w_t(206, 208)
    conflict gid 401
  w_t(207, 208)
    conflict gid 401
  w_t(208, 368)
    conflict gid 401
  w_t(208, 400)
    conflict gid 469
  w_t(208, 400)
    conflict gid 469
  w_t(208, 436)
    conflict gid 401
  w_t(208, 468)
    conflict gid 401
  w_t(208, 468)
    conflict gid 401
  w_t(208, 505)
    conflict gid 401
  w_t(208, 505)
    conflict gid 401
  w_t(208, 513)
    conflict gid 401
  w_t(208, 516)
    conflict gid 401
  w_t(208, 516)
    conflict gid 401
  w_t(208, 522)
    conflict gid 401
  w_t(208, 522)
    conflict gid 401
  w_t(208, 548)
    conflict gid 534
  w_t(208, 582)
    conflict gid 568
  w_t(208, 616)
    conflict gid 602
  w_t(208, 650)
    conflict gid 636
  w_t(64, 65)
    conflict gid 37
  w_t(64, 66)
    conflict gid 21
  w_t(65, 67)
        conflict gid 20
  w_t(66, 67)
        conflict gid 36
  w_t(67, 74)
    conflict gid 77
  w_t(67, 75)
  w_t(70, 71)
    conflict gid 70
  w_t(70, 72)
    conflict gid 69
  w_t(71, 73)
        conflict gid 68
  w_t(72, 73)
        conflict gid 69
  w_t(73, 74)
    conflict gid 76
  w_t(73, 76)
  w_t(74, 75)
    conflict gid 74
  w_t(74, 76)
    conflict gid 68
  w_t(75, 77)
  w_t(76, 77)
  w_t(77, 118)
    conflict gid 121
  w_t(77, 119)
  w_t(79, 114)
  w_t(79, 115)
  w_t(110, 111)
    conflict gid 110
  w_t(110, 112)
    conflict gid 95
  w_t(111, 113)
        conflict gid 94
  w_t(112, 113)
        conflict gid 109
  w_t(113, 114)
    conflict gid 116
  w_t(113, 116)
  w_t(114, 115)
    conflict gid 114
  w_t(114, 116)
    conflict gid 80
  w_t(115, 117)
  w_t(116, 117)
  w_t(117, 118)
    conflict gid 120
  w_t(117, 120)
  w_t(118, 119)
    conflict gid 118
  w_t(118, 120)
    conflict gid 78
  w_t(119, 121)
    conflict gid 434
  w_t(120, 121)
    conflict gid 434
  w_t(121, 367)
    conflict gid 434
  w_t(121, 401)
    conflict gid 434
  w_t(121, 433)
    conflict gid 468
  w_t(121, 433)
    conflict gid 468
  w_t(121, 467)
    conflict gid 434
  w_t(121, 467)
    conflict gid 434
  w_t(121, 503)
    conflict gid 434
  w_t(121, 503)
    conflict gid 434
  w_t(121, 509)
    conflict gid 434
  w_t(121, 509)
    conflict gid 434
  w_t(121, 515)
    conflict gid 434
  w_t(121, 515)
    conflict gid 434
  w_t(121, 524)
    conflict gid 434
  w_t(121, 534)
    conflict gid 534
  w_t(121, 568)
    conflict gid 568
  w_t(121, 602)
    conflict gid 602
  w_t(121, 636)
    conflict gid 636
  w_t(122, 123)
    conflict gid 38
  w_t(122, 124)
    conflict gid 22
  w_t(123, 125)
        conflict gid 21
  w_t(124, 125)
        conflict gid 37
  w_t(125, 132)
    conflict gid 135
  w_t(125, 133)
  w_t(128, 129)
    conflict gid 128
  w_t(128, 130)
    conflict gid 127
  w_t(129, 131)
        conflict gid 126
  w_t(130, 131)
        conflict gid 127
  w_t(131, 132)
    conflict gid 134
  w_t(131, 134)
  w_t(132, 133)
    conflict gid 132
  w_t(132, 134)
    conflict gid 126
  w_t(133, 135)
  w_t(134, 135)
  w_t(135, 176)
    conflict gid 179
  w_t(135, 177)
  w_t(137, 172)
  w_t(137, 173)
  w_t(168, 169)
    conflict gid 168
  w_t(168, 170)
    conflict gid 153
  w_t(169, 171)
        conflict gid 152
  w_t(170, 171)
        conflict gid 167
  w_t(171, 172)
    conflict gid 174
  w_t(171, 174)
  w_t(172, 173)
    conflict gid 172
  w_t(172, 174)
    conflict gid 138
  w_t(173, 175)
  w_t(174, 175)
  w_t(175, 176)
    conflict gid 178
  w_t(175, 178)
  w_t(176, 177)
    conflict gid 176
  w_t(176, 178)
    conflict gid 136
  w_t(177, 179)
    conflict gid 181
  w_t(178, 179)
    conflict gid 181
  w_t(179, 180)
    conflict gid 400
  w_t(179, 180)
    conflict gid 400
  w_t(179, 399)
    conflict gid 181
  w_t(179, 399)
    conflict gid 181
  w_t(179, 435)
    conflict gid 181
  w_t(179, 469)
    conflict gid 181
  w_t(179, 504)
    conflict gid 181
  w_t(179, 504)
    conflict gid 181
  w_t(179, 510)
    conflict gid 181
  w_t(179, 510)
    conflict gid 181
  w_t(179, 518)
    conflict gid 181
  w_t(179, 521)
    conflict gid 181
  w_t(179, 521)
    conflict gid 181
  w_t(179, 541)
    conflict gid 534
  w_t(179, 575)
    conflict gid 568
  w_t(179, 609)
    conflict gid 602
  w_t(179, 643)
    conflict gid 636
  w_t(180, 367)
    conflict gid 180
  w_t(367, 368)
  w_t(368, 369)
  w_t(369, 370)
  w_t(370, 371)
  w_t(370, 378)
  w_t(370, 385)
  w_t(370, 392)
  w_t(371, 372)
  w_t(371, 374)
  w_t(372, 373)
    conflict gid 372
  w_t(372, 374)
    conflict gid 2
  w_t(373, 375)
  w_t(374, 375)
        conflict gid 372
  w_t(375, 376)
  w_t(375, 376)
  w_t(376, 377)
  w_t(376, 377)
  w_t(378, 379)
  w_t(378, 381)
  w_t(379, 380)
    conflict gid 379
  w_t(379, 381)
    conflict gid 81
  w_t(380, 382)
  w_t(381, 382)
        conflict gid 379
  w_t(382, 383)
  w_t(382, 383)
  w_t(383, 384)
  w_t(383, 384)
  w_t(385, 386)
  w_t(385, 388)
  w_t(386, 387)
    conflict gid 386
  w_t(386, 388)
    conflict gid 86
  w_t(387, 389)
  w_t(388, 389)
        conflict gid 386
  w_t(389, 390)
  w_t(389, 390)
  w_t(390, 391)
  w_t(390, 391)
  w_t(392, 393)
  w_t(392, 395)
  w_t(393, 394)
    conflict gid 393
  w_t(393, 395)
    conflict gid 87
  w_t(394, 396)
  w_t(395, 396)
        conflict gid 393
  w_t(396, 397)
  w_t(396, 397)
  w_t(397, 398)
  w_t(397, 398)
  w_t(400, 402)
    conflict gid 209
  w_t(399, 401)
    conflict gid 180
  w_t(401, 402)
  w_t(402, 403)
  w_t(403, 404)
  w_t(404, 405)
  w_t(404, 412)
  w_t(404, 419)
  w_t(404, 426)
  w_t(405, 406)
  w_t(405, 408)
  w_t(406, 407)
    conflict gid 406
  w_t(406, 408)
    conflict gid 3
  w_t(407, 409)
  w_t(408, 409)
        conflict gid 406
  w_t(409, 410)
  w_t(409, 410)
  w_t(410, 411)
  w_t(410, 411)
  w_t(412, 413)
  w_t(412, 415)
  w_t(413, 414)
    conflict gid 413
  w_t(413, 415)
    conflict gid 96
  w_t(414, 416)
  w_t(415, 416)
        conflict gid 413
  w_t(416, 417)
  w_t(416, 417)
  w_t(417, 418)
  w_t(417, 418)
  w_t(419, 420)
  w_t(419, 422)
  w_t(420, 421)
    conflict gid 420
  w_t(420, 422)
    conflict gid 101
  w_t(421, 423)
  w_t(422, 423)
        conflict gid 420
  w_t(423, 424)
  w_t(423, 424)
  w_t(424, 425)
  w_t(424, 425)
  w_t(426, 427)
  w_t(426, 429)
  w_t(427, 428)
    conflict gid 427
  w_t(427, 429)
    conflict gid 102
  w_t(428, 430)
  w_t(429, 430)
        conflict gid 427
  w_t(430, 431)
  w_t(430, 431)
  w_t(431, 432)
  w_t(431, 432)
  w_t(434, 437)
    conflict gid 237
  w_t(433, 435)
    conflict gid 122
  w_t(435, 436)
  w_t(436, 437)
  w_t(437, 438)
  w_t(438, 439)
  w_t(438, 446)
  w_t(438, 453)
  w_t(438, 460)
  w_t(439, 440)
  w_t(439, 442)
  w_t(440, 441)
    conflict gid 440
  w_t(440, 442)
    conflict gid 8
  w_t(441, 443)
  w_t(442, 443)
        conflict gid 440
  w_t(443, 444)
  w_t(443, 444)
  w_t(444, 445)
  w_t(444, 445)
  w_t(446, 447)
  w_t(446, 449)
  w_t(447, 448)
    conflict gid 447
  w_t(447, 449)
    conflict gid 139
  w_t(448, 450)
  w_t(449, 450)
        conflict gid 447
  w_t(450, 451)
  w_t(450, 451)
  w_t(451, 452)
  w_t(451, 452)
  w_t(453, 454)
  w_t(453, 456)
  w_t(454, 455)
    conflict gid 454
  w_t(454, 456)
    conflict gid 144
  w_t(455, 457)
  w_t(456, 457)
        conflict gid 454
  w_t(457, 458)
  w_t(457, 458)
  w_t(458, 459)
  w_t(458, 459)
  w_t(460, 461)
  w_t(460, 463)
  w_t(461, 462)
    conflict gid 461
  w_t(461, 463)
    conflict gid 145
  w_t(462, 464)
  w_t(463, 464)
        conflict gid 461
  w_t(464, 465)
  w_t(464, 465)
  w_t(465, 466)
  w_t(465, 466)
  w_t(468, 470)
    conflict gid 209
  w_t(467, 469)
    conflict gid 122
  w_t(469, 470)
  w_t(470, 471)
  w_t(471, 472)
  w_t(472, 473)
  w_t(472, 480)
  w_t(472, 487)
  w_t(472, 494)
  w_t(473, 474)
  w_t(473, 476)
  w_t(474, 475)
    conflict gid 474
  w_t(474, 476)
    conflict gid 9
  w_t(475, 477)
  w_t(476, 477)
        conflict gid 474
  w_t(477, 478)
  w_t(477, 478)
  w_t(478, 479)
  w_t(478, 479)
  w_t(480, 481)
  w_t(480, 483)
  w_t(481, 482)
    conflict gid 481
  w_t(481, 483)
    conflict gid 154
  w_t(482, 484)
  w_t(483, 484)
        conflict gid 481
  w_t(484, 485)
  w_t(484, 485)
  w_t(485, 486)
  w_t(485, 486)
  w_t(487, 488)
  w_t(487, 490)
  w_t(488, 489)
    conflict gid 488
  w_t(488, 490)
    conflict gid 159
  w_t(489, 491)
  w_t(490, 491)
        conflict gid 488
  w_t(491, 492)
  w_t(491, 492)
  w_t(492, 493)
  w_t(492, 493)
  w_t(494, 495)
  w_t(494, 497)
  w_t(495, 496)
    conflict gid 495
  w_t(495, 497)
    conflict gid 160
  w_t(496, 498)
  w_t(497, 498)
        conflict gid 495
  w_t(498, 499)
  w_t(498, 499)
  w_t(499, 500)
  w_t(499, 500)
  w_t(523, 526)
    conflict gid 237
  w_t(522, 525)
    conflict gid 209
  w_t(521, 524)
    conflict gid 180
  w_t(524, 525)
    conflict gid 180
  w_t(525, 526)
    conflict gid 180
  w_t(526, 529)
  w_t(517, 520)
    conflict gid 237
  w_t(516, 519)
    conflict gid 209
  w_t(515, 518)
    conflict gid 122
  w_t(518, 519)
    conflict gid 122
  w_t(519, 520)
    conflict gid 122
  w_t(520, 528)
  w_t(505, 507)
    conflict gid 209
  w_t(503, 506)
    conflict gid 122
  w_t(504, 506)
    conflict gid 180
  w_t(506, 507)
    conflict gid 180
  w_t(507, 508)
    conflict gid 180
  w_t(508, 527)
  w_t(511, 514)
    conflict gid 237
  w_t(509, 512)
    conflict gid 122
  w_t(510, 512)
    conflict gid 180
  w_t(512, 513)
    conflict gid 180
  w_t(513, 514)
    conflict gid 180
  w_t(514, 527)
  w_t(527, 528)
  w_t(528, 529)
  w_t(529, 533)
    conflict gid 602
  w_t(529, 567)
    conflict gid 602
  w_t(529, 601)
    conflict gid 534
  w_t(529, 635)
    conflict gid 534
  w_t(502, 532)
    conflict gid 343
  w_t(501, 530)
    conflict gid 289
  w_t(530, 531)
  w_t(531, 532)
  w_t(532, 533)
  w_t(533, 534)
  w_t(533, 541)
  w_t(533, 548)
  w_t(533, 555)
  w_t(534, 535)
  w_t(534, 537)
  w_t(535, 536)
    conflict gid 535
  w_t(535, 537)
    conflict gid 21
  w_t(536, 538)
  w_t(537, 538)
        conflict gid 535
  w_t(538, 539)
  w_t(538, 539)
  w_t(539, 540)
  w_t(539, 540)
  w_t(541, 542)
  w_t(541, 544)
  w_t(542, 543)
    conflict gid 542
  w_t(542, 544)
    conflict gid 22
  w_t(543, 545)
  w_t(544, 545)
        conflict gid 542
  w_t(545, 546)
  w_t(545, 546)
  w_t(546, 547)
  w_t(546, 547)
  w_t(548, 549)
  w_t(548, 551)
  w_t(549, 550)
    conflict gid 549
  w_t(549, 551)
    conflict gid 27
  w_t(550, 552)
  w_t(551, 552)
        conflict gid 549
  w_t(552, 553)
  w_t(552, 553)
  w_t(553, 554)
  w_t(553, 554)
  w_t(555, 556)
  w_t(555, 558)
  w_t(556, 557)
    conflict gid 556
  w_t(556, 558)
    conflict gid 28
  w_t(557, 559)
  w_t(558, 559)
        conflict gid 556
  w_t(559, 560)
  w_t(559, 560)
  w_t(560, 561)
  w_t(560, 561)
  w_t(563, 565)
    conflict gid 316
  w_t(562, 564)
    conflict gid 289
  w_t(564, 565)
  w_t(565, 566)
  w_t(566, 567)
  w_t(567, 568)
  w_t(567, 575)
  w_t(567, 582)
  w_t(567, 589)
  w_t(568, 569)
  w_t(568, 571)
  w_t(569, 570)
    conflict gid 569
  w_t(569, 571)
    conflict gid 37
  w_t(570, 572)
  w_t(571, 572)
        conflict gid 569
  w_t(572, 573)
  w_t(572, 573)
  w_t(573, 574)
  w_t(573, 574)
  w_t(575, 576)
  w_t(575, 578)
  w_t(576, 577)
    conflict gid 576
  w_t(576, 578)
    conflict gid 38
  w_t(577, 579)
  w_t(578, 579)
        conflict gid 576
  w_t(579, 580)
  w_t(579, 580)
  w_t(580, 581)
  w_t(580, 581)
  w_t(582, 583)
  w_t(582, 585)
  w_t(583, 584)
    conflict gid 583
  w_t(583, 585)
    conflict gid 43
  w_t(584, 586)
  w_t(585, 586)
        conflict gid 583
  w_t(586, 587)
  w_t(586, 587)
  w_t(587, 588)
  w_t(587, 588)
  w_t(589, 590)
  w_t(589, 592)
  w_t(590, 591)
    conflict gid 590
  w_t(590, 592)
    conflict gid 44
  w_t(591, 593)
  w_t(592, 593)
        conflict gid 590
  w_t(593, 594)
  w_t(593, 594)
  w_t(594, 595)
  w_t(594, 595)
  w_t(597, 600)
    conflict gid 343
  w_t(596, 598)
    conflict gid 64
  w_t(598, 599)
  w_t(599, 600)
  w_t(600, 601)
  w_t(601, 602)
  w_t(601, 609)
  w_t(601, 616)
  w_t(601, 623)
  w_t(602, 603)
  w_t(602, 605)
  w_t(603, 604)
    conflict gid 603
  w_t(603, 605)
    conflict gid 69
  w_t(604, 606)
  w_t(605, 606)
        conflict gid 603
  w_t(606, 607)
  w_t(606, 607)
  w_t(607, 608)
  w_t(607, 608)
  w_t(609, 610)
  w_t(609, 612)
  w_t(610, 611)
    conflict gid 610
  w_t(610, 612)
    conflict gid 127
  w_t(611, 613)
  w_t(612, 613)
        conflict gid 610
  w_t(613, 614)
  w_t(613, 614)
  w_t(614, 615)
  w_t(614, 615)
  w_t(616, 617)
  w_t(616, 619)
  w_t(617, 618)
    conflict gid 617
  w_t(617, 619)
    conflict gid 186
  w_t(618, 620)
  w_t(619, 620)
        conflict gid 617
  w_t(620, 621)
  w_t(620, 621)
  w_t(621, 622)
  w_t(621, 622)
  w_t(623, 624)
  w_t(623, 626)
  w_t(624, 625)
    conflict gid 624
  w_t(624, 626)
    conflict gid 214
  w_t(625, 627)
  w_t(626, 627)
        conflict gid 624
  w_t(627, 628)
  w_t(627, 628)
  w_t(628, 629)
  w_t(628, 629)
  w_t(631, 633)
    conflict gid 316
  w_t(630, 632)
    conflict gid 64
  w_t(632, 633)
  w_t(633, 634)
  w_t(634, 635)
  w_t(635, 636)
  w_t(635, 643)
  w_t(635, 650)
  w_t(635, 657)
  w_t(636, 637)
  w_t(636, 639)
  w_t(637, 638)
    conflict gid 637
  w_t(637, 639)
    conflict gid 70
  w_t(638, 640)
  w_t(639, 640)
        conflict gid 637
  w_t(640, 641)
  w_t(640, 641)
  w_t(641, 642)
  w_t(641, 642)
  w_t(643, 644)
  w_t(643, 646)
  w_t(644, 645)
    conflict gid 644
  w_t(644, 646)
    conflict gid 128
  w_t(645, 647)
  w_t(646, 647)
        conflict gid 644
  w_t(647, 648)
  w_t(647, 648)
  w_t(648, 649)
  w_t(648, 649)
  w_t(650, 651)
  w_t(650, 653)
  w_t(651, 652)
    conflict gid 651
  w_t(651, 653)
    conflict gid 187
  w_t(652, 654)
  w_t(653, 654)
        conflict gid 651
  w_t(654, 655)
  w_t(654, 655)
  w_t(655, 656)
  w_t(655, 656)
  w_t(657, 658)
  w_t(657, 660)
  w_t(658, 659)
    conflict gid 658
  w_t(658, 660)
    conflict gid 215
  w_t(659, 661)
  w_t(660, 661)
        conflict gid 658
  w_t(661, 662)
  w_t(661, 662)
  w_t(662, 663)
  w_t(662, 663)

----  Statistic  ----
Total time usage: 0.25 s
2-Way rar alternatives: 484
RAR wire alternatives: 0
RAR gate alternatives: 128
#tar: 612
#alt: 612

cir> q -f

