cir> cirr tests.fraig/ISCAS85/C432.aag -r

cir> cirrar

----  Preprocess ----
Done
----  Run SATrar ----
  w_t(26, 27)
  w_t(26, 109)
  w_t(26, 190)
    conflict gid 26
  w_t(27, 35)
    conflict gid 106
  w_t(27, 45)
    conflict gid 106
  w_t(27, 55)
    conflict gid 106
  w_t(27, 63)
    conflict gid 106
  w_t(27, 73)
    conflict gid 106
  w_t(27, 81)
    conflict gid 106
  w_t(27, 89)
    conflict gid 106
  w_t(27, 97)
    conflict gid 106
  w_t(27, 108)
    conflict gid 108
  w_t(22, 23)
  w_t(22, 113)
  w_t(22, 183)
  w_t(22, 253)
  w_t(23, 34)
    conflict gid 106
  w_t(23, 44)
    conflict gid 106
  w_t(23, 54)
    conflict gid 106
  w_t(23, 62)
    conflict gid 106
  w_t(23, 72)
    conflict gid 106
  w_t(23, 80)
    conflict gid 106
  w_t(23, 88)
    conflict gid 106
  w_t(23, 96)
    conflict gid 106
  w_t(23, 112)
    conflict gid 108
  w_t(18, 19)
  w_t(18, 117)
  w_t(18, 178)
  w_t(18, 247)
  w_t(19, 33)
    conflict gid 106
  w_t(19, 43)
    conflict gid 106
  w_t(19, 53)
    conflict gid 106
  w_t(19, 61)
    conflict gid 106
  w_t(19, 71)
    conflict gid 106
  w_t(19, 79)
    conflict gid 106
  w_t(19, 87)
    conflict gid 106
  w_t(19, 95)
    conflict gid 106
  w_t(19, 116)
    conflict gid 108
  w_t(14, 15)
  w_t(14, 121)
  w_t(14, 173)
  w_t(14, 241)
  w_t(15, 32)
    conflict gid 106
  w_t(15, 42)
    conflict gid 106
  w_t(15, 52)
    conflict gid 106
  w_t(15, 60)
    conflict gid 106
  w_t(15, 70)
    conflict gid 106
  w_t(15, 78)
    conflict gid 106
  w_t(15, 86)
    conflict gid 106
  w_t(15, 94)
    conflict gid 106
  w_t(15, 120)
    conflict gid 108
  w_t(10, 11)
  w_t(10, 125)
  w_t(10, 168)
  w_t(10, 235)
  w_t(11, 31)
    conflict gid 106
  w_t(11, 41)
    conflict gid 106
  w_t(11, 51)
    conflict gid 106
  w_t(11, 59)
    conflict gid 106
  w_t(11, 69)
    conflict gid 106
  w_t(11, 77)
    conflict gid 106
  w_t(11, 85)
    conflict gid 106
  w_t(11, 93)
    conflict gid 106
  w_t(11, 124)
    conflict gid 108
  w_t(6, 7)
  w_t(6, 129)
  w_t(6, 163)
  w_t(7, 30)
    conflict gid 269
  w_t(7, 40)
    conflict gid 269
  w_t(7, 50)
    conflict gid 269
  w_t(7, 58)
    conflict gid 269
  w_t(7, 68)
    conflict gid 269
  w_t(7, 76)
    conflict gid 269
  w_t(7, 84)
    conflict gid 269
  w_t(7, 92)
    conflict gid 269
  w_t(7, 128)
    conflict gid 108
  w_t(7, 265)
  w_t(7, 268)
  w_t(7, 268)
  w_t(65, 67)
    conflict gid 65
  w_t(65, 75)
    conflict gid 65
  w_t(65, 83)
    conflict gid 65
  w_t(65, 91)
    conflict gid 65
  w_t(65, 141)
  w_t(37, 38)
    conflict gid 37
  w_t(37, 56)
    conflict gid 37
  w_t(37, 74)
    conflict gid 37
  w_t(37, 90)
    conflict gid 37
  w_t(37, 133)
  w_t(47, 48)
    conflict gid 47
  w_t(47, 56)
    conflict gid 91
  w_t(47, 82)
    conflict gid 47
  w_t(47, 90)
    conflict gid 57
  w_t(47, 137)
  w_t(90, 91)
    conflict gid 106
  w_t(91, 92)
    conflict gid 106
  w_t(92, 93)
    conflict gid 106
  w_t(93, 94)
    conflict gid 106
  w_t(94, 95)
    conflict gid 106
  w_t(95, 96)
    conflict gid 106
  w_t(96, 97)
    conflict gid 106
  w_t(97, 104)
    conflict gid 106
  w_t(82, 83)
    conflict gid 106
  w_t(83, 84)
    conflict gid 106
  w_t(84, 85)
    conflict gid 106
  w_t(85, 86)
    conflict gid 106
  w_t(86, 87)
    conflict gid 106
  w_t(87, 88)
    conflict gid 106
  w_t(88, 89)
    conflict gid 106
  w_t(89, 103)
    conflict gid 106
  w_t(74, 75)
    conflict gid 106
  w_t(75, 76)
    conflict gid 106
  w_t(76, 77)
    conflict gid 106
  w_t(77, 78)
    conflict gid 106
  w_t(78, 79)
    conflict gid 106
  w_t(79, 80)
    conflict gid 106
  w_t(80, 81)
    conflict gid 106
  w_t(81, 102)
    conflict gid 106
  w_t(66, 67)
    conflict gid 106
  w_t(67, 68)
    conflict gid 106
  w_t(68, 69)
    conflict gid 106
  w_t(69, 70)
    conflict gid 106
  w_t(70, 71)
    conflict gid 106
  w_t(71, 72)
    conflict gid 106
  w_t(72, 73)
    conflict gid 106
  w_t(73, 101)
    conflict gid 106
  w_t(56, 57)
    conflict gid 106
  w_t(57, 58)
    conflict gid 106
  w_t(58, 59)
    conflict gid 106
  w_t(59, 60)
    conflict gid 106
  w_t(60, 61)
    conflict gid 106
  w_t(61, 62)
    conflict gid 106
  w_t(62, 63)
    conflict gid 106
  w_t(63, 100)
    conflict gid 106
  w_t(48, 49)
    conflict gid 106
  w_t(49, 50)
    conflict gid 106
  w_t(50, 51)
    conflict gid 106
  w_t(51, 52)
    conflict gid 106
  w_t(52, 53)
    conflict gid 106
  w_t(53, 54)
    conflict gid 106
  w_t(54, 55)
    conflict gid 106
  w_t(55, 99)
    conflict gid 106
  w_t(28, 29)
    conflict gid 106
  w_t(29, 30)
    conflict gid 106
  w_t(30, 31)
    conflict gid 106
  w_t(31, 32)
    conflict gid 106
  w_t(32, 33)
    conflict gid 106
  w_t(33, 34)
    conflict gid 106
  w_t(34, 35)
    conflict gid 106
  w_t(35, 98)
    conflict gid 106
  w_t(38, 39)
    conflict gid 106
  w_t(39, 40)
    conflict gid 106
  w_t(40, 41)
    conflict gid 106
  w_t(41, 42)
    conflict gid 106
  w_t(42, 43)
    conflict gid 106
  w_t(43, 44)
    conflict gid 106
  w_t(44, 45)
    conflict gid 106
  w_t(45, 98)
    conflict gid 106
  w_t(98, 99)
  w_t(99, 100)
  w_t(100, 101)
  w_t(101, 102)
  w_t(102, 103)
  w_t(103, 104)
  w_t(104, 105)
  w_t(104, 105)
  w_t(104, 107)
  w_t(104, 107)
  w_t(104, 282)
    conflict gid 106
  w_t(104, 285)
    conflict gid 106
  w_t(104, 289)
    conflict gid 106
  w_t(104, 292)
    conflict gid 106
  w_t(107, 108)
    conflict gid 105
  w_t(107, 112)
    conflict gid 105
  w_t(107, 116)
    conflict gid 105
  w_t(107, 120)
    conflict gid 105
  w_t(107, 124)
    conflict gid 105
  w_t(107, 128)
    conflict gid 105
  w_t(107, 132)
    conflict gid 105
  w_t(107, 136)
    conflict gid 105
  w_t(107, 140)
    conflict gid 105
  w_t(107, 228)
    conflict gid 105
  w_t(107, 232)
    conflict gid 105
  w_t(107, 238)
    conflict gid 105
  w_t(107, 244)
    conflict gid 105
  w_t(107, 250)
    conflict gid 105
  w_t(140, 141)
        conflict gid 3
  w_t(141, 142)
  w_t(141, 188)
  w_t(141, 341)
  w_t(142, 150)
    conflict gid 152
  w_t(142, 187)
    conflict gid 154
  w_t(136, 137)
    conflict gid 317
  w_t(137, 138)
  w_t(137, 155)
  w_t(137, 316)
  w_t(137, 316)
  w_t(138, 149)
    conflict gid 152
  w_t(138, 154)
    conflict gid 154
  w_t(132, 133)
        conflict gid 1
  w_t(133, 134)
  w_t(133, 159)
  w_t(133, 305)
  w_t(134, 148)
    conflict gid 152
  w_t(134, 158)
    conflict gid 154
  w_t(128, 130)
        conflict gid 7
  w_t(128, 164)
        conflict gid 7
  w_t(129, 130)
  w_t(130, 147)
    conflict gid 152
  w_t(130, 162)
    conflict gid 154
  w_t(124, 126)
        conflict gid 11
  w_t(124, 169)
        conflict gid 11
  w_t(125, 126)
  w_t(126, 146)
    conflict gid 152
  w_t(126, 167)
    conflict gid 154
  w_t(120, 122)
        conflict gid 15
  w_t(120, 174)
        conflict gid 15
  w_t(121, 122)
  w_t(122, 145)
    conflict gid 152
  w_t(122, 172)
    conflict gid 154
  w_t(116, 118)
        conflict gid 19
  w_t(116, 179)
        conflict gid 19
  w_t(117, 118)
  w_t(118, 144)
    conflict gid 152
  w_t(118, 177)
    conflict gid 154
  w_t(108, 110)
        conflict gid 27
  w_t(108, 214)
  w_t(109, 110)
  w_t(110, 143)
    conflict gid 152
  w_t(110, 215)
    conflict gid 154
  w_t(112, 114)
        conflict gid 23
  w_t(112, 184)
        conflict gid 23
  w_t(113, 114)
  w_t(114, 143)
    conflict gid 152
  w_t(114, 182)
    conflict gid 154
  w_t(143, 144)
  w_t(144, 145)
  w_t(145, 146)
  w_t(146, 147)
  w_t(147, 148)
  w_t(148, 149)
  w_t(149, 150)
  w_t(150, 151)
    conflict gid 154
  w_t(150, 151)
    conflict gid 154
  w_t(150, 153)
    conflict gid 155
  w_t(150, 153)
    conflict gid 155
  w_t(150, 271)
  w_t(150, 277)
  w_t(150, 286)
  w_t(150, 293)
  w_t(150, 321)
  w_t(150, 329)
  w_t(153, 154)
    conflict gid 151
  w_t(153, 158)
    conflict gid 151
  w_t(153, 162)
    conflict gid 151
  w_t(153, 167)
    conflict gid 151
  w_t(153, 172)
    conflict gid 151
  w_t(153, 177)
    conflict gid 151
  w_t(153, 182)
    conflict gid 151
  w_t(153, 187)
    conflict gid 151
  w_t(153, 215)
    conflict gid 151
  w_t(153, 229)
    conflict gid 151
  w_t(153, 233)
    conflict gid 151
  w_t(153, 239)
    conflict gid 151
  w_t(153, 245)
    conflict gid 151
  w_t(153, 251)
    conflict gid 151
  w_t(153, 303)
    conflict gid 151
  w_t(187, 189)
    conflict gid 214
  w_t(188, 189)
  w_t(189, 197)
    conflict gid 228
  w_t(189, 206)
    conflict gid 228
  w_t(189, 213)
  w_t(189, 223)
  w_t(182, 185)
    conflict gid 213
  w_t(183, 184)
  w_t(184, 185)
  w_t(185, 196)
    conflict gid 228
  w_t(185, 205)
    conflict gid 228
  w_t(185, 212)
  w_t(185, 222)
  w_t(177, 180)
    conflict gid 212
  w_t(178, 179)
  w_t(179, 180)
  w_t(180, 195)
    conflict gid 228
  w_t(180, 204)
    conflict gid 228
  w_t(180, 211)
  w_t(180, 221)
  w_t(172, 175)
    conflict gid 211
  w_t(173, 174)
  w_t(174, 175)
  w_t(175, 194)
    conflict gid 228
  w_t(175, 203)
    conflict gid 228
  w_t(175, 210)
  w_t(175, 220)
  w_t(167, 170)
    conflict gid 210
  w_t(168, 169)
  w_t(169, 170)
  w_t(170, 193)
    conflict gid 210
  w_t(170, 202)
    conflict gid 210
  w_t(170, 209)
  w_t(170, 219)
  w_t(162, 165)
    conflict gid 209
  w_t(163, 164)
  w_t(164, 165)
  w_t(165, 192)
    conflict gid 209
  w_t(165, 201)
    conflict gid 209
  w_t(165, 208)
  w_t(165, 218)
  w_t(158, 160)
    conflict gid 208
  w_t(159, 160)
  w_t(160, 191)
    conflict gid 208
  w_t(160, 200)
    conflict gid 208
  w_t(160, 207)
  w_t(160, 217)
  w_t(154, 156)
    conflict gid 208
  w_t(155, 156)
  w_t(156, 190)
    conflict gid 208
  w_t(156, 199)
    conflict gid 208
  w_t(156, 207)
  w_t(156, 216)
  w_t(215, 216)
    conflict gid 228
  w_t(216, 217)
    conflict gid 228
  w_t(217, 218)
    conflict gid 228
  w_t(218, 219)
    conflict gid 228
  w_t(219, 220)
    conflict gid 228
  w_t(220, 221)
    conflict gid 228
  w_t(221, 222)
    conflict gid 228
  w_t(222, 223)
    conflict gid 228
  w_t(223, 226)
    conflict gid 228
  w_t(207, 208)
    conflict gid 228
  w_t(208, 209)
    conflict gid 228
  w_t(209, 210)
    conflict gid 228
  w_t(210, 211)
    conflict gid 228
  w_t(211, 212)
    conflict gid 228
  w_t(212, 213)
    conflict gid 228
  w_t(213, 214)
    conflict gid 228
  w_t(214, 225)
    conflict gid 228
  w_t(190, 191)
    conflict gid 228
  w_t(191, 192)
    conflict gid 228
  w_t(192, 193)
    conflict gid 228
  w_t(193, 194)
    conflict gid 228
  w_t(194, 195)
    conflict gid 228
  w_t(195, 196)
    conflict gid 228
  w_t(196, 197)
    conflict gid 228
  w_t(197, 224)
    conflict gid 228
  w_t(199, 200)
    conflict gid 228
  w_t(200, 201)
    conflict gid 228
  w_t(201, 202)
    conflict gid 228
  w_t(202, 203)
    conflict gid 228
  w_t(203, 204)
    conflict gid 228
  w_t(204, 205)
    conflict gid 228
  w_t(205, 206)
    conflict gid 228
  w_t(206, 224)
    conflict gid 228
  w_t(224, 225)
  w_t(225, 226)
  w_t(226, 227)
  w_t(226, 227)
  w_t(226, 230)
  w_t(226, 230)
  w_t(226, 275)
    conflict gid 228
  w_t(226, 278)
    conflict gid 228
  w_t(226, 290)
    conflict gid 228
  w_t(226, 294)
    conflict gid 228
  w_t(226, 325)
    conflict gid 228
  w_t(226, 329)
  w_t(316, 320)
    conflict gid 138
  w_t(316, 324)
    conflict gid 138
  w_t(316, 328)
    conflict gid 138
  w_t(316, 332)
    conflict gid 138
  w_t(230, 231)
    conflict gid 227
  w_t(230, 234)
    conflict gid 227
  w_t(230, 240)
    conflict gid 227
  w_t(230, 246)
    conflict gid 227
  w_t(230, 252)
    conflict gid 227
  w_t(230, 304)
    conflict gid 227
  w_t(246, 249)
    conflict gid 262
  w_t(245, 248)
    conflict gid 262
  w_t(244, 247)
    conflict gid 262
  w_t(247, 248)
  w_t(248, 249)
  w_t(249, 257)
    conflict gid 262
  w_t(249, 261)
  w_t(249, 261)
  w_t(249, 313)
    conflict gid 262
  w_t(249, 319)
    conflict gid 262
  w_t(249, 323)
  w_t(249, 327)
    conflict gid 262
  w_t(249, 331)
  w_t(304, 306)
        conflict gid 157
  w_t(303, 305)
    conflict gid 331
  w_t(305, 306)
  w_t(306, 307)
  w_t(306, 318)
    conflict gid 308
  w_t(306, 322)
  w_t(306, 326)
  w_t(306, 330)
  w_t(329, 330)
    conflict gid 308
  w_t(330, 331)
    conflict gid 308
  w_t(331, 332)
    conflict gid 308
  w_t(332, 337)
  w_t(314, 317)
    conflict gid 136
  w_t(314, 325)
    conflict gid 136
  w_t(325, 326)
    conflict gid 136
  w_t(326, 327)
    conflict gid 136
  w_t(327, 328)
    conflict gid 136
  w_t(328, 336)
  w_t(315, 317)
    conflict gid 153
  w_t(315, 321)
    conflict gid 153
  w_t(321, 322)
    conflict gid 153
  w_t(322, 323)
    conflict gid 153
  w_t(323, 324)
    conflict gid 153
  w_t(324, 335)
  w_t(317, 318)
    conflict gid 339
  w_t(318, 319)
    conflict gid 339
  w_t(319, 320)
    conflict gid 339
  w_t(320, 334)
    conflict gid 339
  w_t(252, 255)
    conflict gid 263
  w_t(251, 254)
    conflict gid 263
  w_t(250, 253)
    conflict gid 263
  w_t(253, 254)
  w_t(254, 255)
  w_t(255, 258)
    conflict gid 263
  w_t(255, 262)
  w_t(255, 262)
  w_t(234, 237)
    conflict gid 261
  w_t(233, 236)
    conflict gid 261
  w_t(232, 235)
    conflict gid 261
  w_t(235, 236)
    conflict gid 261
  w_t(236, 237)
    conflict gid 261
  w_t(237, 256)
    conflict gid 261
  w_t(240, 243)
    conflict gid 313
  w_t(239, 242)
    conflict gid 313
  w_t(238, 241)
    conflict gid 313
  w_t(241, 242)
  w_t(242, 243)
  w_t(243, 256)
    conflict gid 313
  w_t(243, 312)
  w_t(243, 312)
  w_t(256, 257)
  w_t(257, 258)
  w_t(258, 259)
    conflict gid 261
  w_t(258, 259)
    conflict gid 261
  w_t(259, 260)
  w_t(259, 260)
  w_t(259, 264)
  w_t(259, 307)
  w_t(260, 269)
    conflict gid 261
  w_t(260, 273)
    conflict gid 260
  w_t(260, 276)
    conflict gid 260
  w_t(260, 281)
    conflict gid 260
  w_t(260, 284)
    conflict gid 260
  w_t(260, 288)
    conflict gid 260
  w_t(260, 291)
    conflict gid 260
  w_t(260, 339)
    conflict gid 260
  w_t(291, 292)
    conflict gid 260
  w_t(292, 293)
    conflict gid 260
  w_t(293, 294)
    conflict gid 260
  w_t(294, 302)
  w_t(272, 273)
    conflict gid 260
  w_t(272, 279)
    conflict gid 128
  w_t(272, 287)
    conflict gid 128
  w_t(287, 288)
    conflict gid 128
  w_t(288, 289)
    conflict gid 128
  w_t(289, 290)
    conflict gid 128
  w_t(290, 301)
  w_t(267, 269)
    conflict gid 128
  w_t(267, 280)
    conflict gid 162
  w_t(267, 283)
    conflict gid 162
  w_t(283, 284)
    conflict gid 162
  w_t(284, 285)
    conflict gid 162
  w_t(285, 286)
    conflict gid 162
  w_t(286, 300)
  w_t(279, 280)
    conflict gid 162
  w_t(280, 281)
    conflict gid 162
  w_t(281, 282)
    conflict gid 162
  w_t(282, 299)
  w_t(268, 270)
    conflict gid 162
  w_t(268, 274)
    conflict gid 8
  w_t(268, 276)
    conflict gid 8
  w_t(276, 277)
    conflict gid 8
  w_t(277, 278)
    conflict gid 8
  w_t(278, 298)
  w_t(273, 274)
    conflict gid 8
  w_t(274, 275)
    conflict gid 8
  w_t(275, 297)
  w_t(269, 270)
    conflict gid 8
  w_t(270, 271)
    conflict gid 8
  w_t(271, 296)
  w_t(262, 295)
  w_t(263, 264)
  w_t(264, 265)
  w_t(265, 266)
  w_t(265, 266)
  w_t(266, 295)
  w_t(295, 296)
  w_t(296, 297)
  w_t(297, 298)
  w_t(298, 299)
  w_t(299, 300)
  w_t(300, 301)
  w_t(301, 302)
  w_t(302, 309)
  w_t(302, 333)
  w_t(312, 313)
    conflict gid 244
  w_t(313, 333)
    conflict gid 339
  w_t(333, 334)
  w_t(334, 335)
  w_t(335, 336)
  w_t(336, 337)
  w_t(337, 338)
  w_t(337, 338)
  w_t(338, 340)
  w_t(307, 308)
  w_t(307, 308)
  w_t(308, 310)
  w_t(261, 309)
  w_t(309, 310)
  w_t(310, 311)
    conflict gid 339
  w_t(310, 311)
    conflict gid 339
  w_t(311, 339)
  w_t(339, 340)
  w_t(340, 341)
  w_t(341, 342)
  w_t(342, 343)
  w_t(342, 343)
  w_t(343, 346)
  w_t(231, 345)
        conflict gid 198
        conflict gid 198
  w_t(228, 344)
        conflict gid 24
        conflict gid 24
        conflict gid 24
  w_t(229, 344)
        conflict gid 106
        conflict gid 106
        conflict gid 106
  w_t(344, 345)
  w_t(345, 346)

----  Statistic  ----
Total time usage: 0.203125 s
2-Way rar alternatives: 340
RAR wire alternatives: 0
RAR gate alternatives: 22
#tar: 357
#alt: 362

cir> q -f

