cir> cirr tests.fraig/ISCAS85/C499.aag

cir> cirrar

----  Preprocess ----
Done
----  Run SATrar ----
  w_t(2, 4)
    conflict gid 1
  w_t(2, 96)
    conflict gid 1
  w_t(2, 404)
    conflict gid 403
  w_t(4, 7)
  w_t(5, 6)
    conflict gid 3
  w_t(5, 114)
    conflict gid 3
  w_t(5, 430)
    conflict gid 429
  w_t(6, 7)
  w_t(7, 8)
  w_t(7, 8)
  w_t(7, 18)
    conflict gid 8
  w_t(8, 16)
    conflict gid 7
  w_t(10, 12)
    conflict gid 9
  w_t(10, 162)
    conflict gid 9
  w_t(10, 456)
    conflict gid 455
  w_t(12, 15)
  w_t(13, 14)
    conflict gid 11
  w_t(13, 180)
    conflict gid 11
  w_t(13, 482)
    conflict gid 481
  w_t(14, 15)
  w_t(15, 16)
    conflict gid 17
  w_t(15, 17)
  w_t(15, 17)
  w_t(16, 19)
  w_t(17, 18)
    conflict gid 15
  w_t(18, 19)
  w_t(19, 20)
  w_t(19, 20)
  w_t(19, 74)
    conflict gid 20
  w_t(20, 72)
    conflict gid 19
  w_t(23, 24)
    conflict gid 70
  w_t(23, 24)
    conflict gid 70
  w_t(23, 70)
  w_t(24, 68)
    conflict gid 23
  w_t(26, 28)
    conflict gid 25
  w_t(26, 76)
    conflict gid 25
  w_t(26, 535)
    conflict gid 534
  w_t(28, 31)
  w_t(29, 30)
    conflict gid 27
  w_t(29, 142)
    conflict gid 27
  w_t(29, 540)
    conflict gid 539
  w_t(30, 31)
  w_t(31, 32)
  w_t(31, 32)
  w_t(31, 42)
    conflict gid 32
  w_t(32, 40)
    conflict gid 31
  w_t(34, 36)
    conflict gid 33
  w_t(34, 209)
    conflict gid 33
  w_t(34, 545)
    conflict gid 544
  w_t(36, 39)
  w_t(37, 38)
    conflict gid 35
  w_t(37, 239)
    conflict gid 35
  w_t(37, 550)
    conflict gid 549
  w_t(38, 39)
  w_t(39, 40)
    conflict gid 41
  w_t(39, 41)
  w_t(39, 41)
  w_t(40, 43)
  w_t(41, 42)
    conflict gid 39
  w_t(42, 43)
  w_t(43, 44)
  w_t(43, 44)
  w_t(43, 66)
    conflict gid 44
  w_t(43, 338)
    conflict gid 44
  w_t(44, 64)
    conflict gid 43
  w_t(44, 337)
    conflict gid 43
  w_t(46, 48)
    conflict gid 45
  w_t(46, 77)
    conflict gid 45
  w_t(46, 561)
    conflict gid 560
  w_t(48, 51)
  w_t(49, 50)
    conflict gid 47
  w_t(49, 143)
    conflict gid 47
  w_t(49, 566)
    conflict gid 565
  w_t(50, 51)
  w_t(51, 52)
  w_t(51, 52)
  w_t(51, 62)
    conflict gid 52
  w_t(52, 60)
    conflict gid 51
  w_t(54, 56)
    conflict gid 53
  w_t(54, 210)
    conflict gid 53
  w_t(54, 571)
    conflict gid 570
  w_t(56, 59)
  w_t(57, 58)
    conflict gid 55
  w_t(57, 240)
    conflict gid 55
  w_t(57, 576)
    conflict gid 575
  w_t(58, 59)
  w_t(59, 60)
    conflict gid 61
  w_t(59, 61)
  w_t(59, 61)
  w_t(60, 63)
  w_t(61, 62)
    conflict gid 59
  w_t(62, 63)
  w_t(63, 64)
    conflict gid 65
  w_t(63, 65)
  w_t(63, 65)
  w_t(63, 365)
    conflict gid 65
  w_t(64, 67)
  w_t(65, 66)
    conflict gid 63
  w_t(65, 364)
    conflict gid 63
  w_t(66, 67)
  w_t(67, 68)
    conflict gid 69
  w_t(67, 69)
  w_t(67, 69)
  w_t(68, 71)
  w_t(69, 70)
    conflict gid 67
  w_t(70, 71)
  w_t(71, 72)
    conflict gid 73
  w_t(71, 73)
  w_t(71, 73)
  w_t(72, 75)
  w_t(73, 74)
    conflict gid 71
  w_t(74, 75)
  w_t(75, 270)
    conflict gid 378
  w_t(75, 270)
    conflict gid 378
  w_t(75, 378)
    conflict gid 270
  w_t(75, 378)
    conflict gid 270
  w_t(75, 384)
    conflict gid 270
  w_t(75, 384)
    conflict gid 270
  w_t(75, 393)
    conflict gid 270
  w_t(75, 403)
    conflict gid 402
  w_t(75, 429)
    conflict gid 428
  w_t(75, 455)
    conflict gid 454
  w_t(75, 481)
    conflict gid 480
  w_t(75, 530)
    conflict gid 270
  w_t(75, 556)
    conflict gid 270
  w_t(75, 580)
    conflict gid 270
  w_t(75, 580)
    conflict gid 270
  w_t(75, 606)
    conflict gid 270
  w_t(75, 606)
    conflict gid 270
  w_t(105, 106)
    conflict gid 103
  w_t(105, 349)
    conflict gid 103
  w_t(105, 419)
    conflict gid 418
  w_t(349, 351)
  w_t(123, 124)
    conflict gid 121
  w_t(123, 350)
    conflict gid 121
  w_t(123, 445)
    conflict gid 444
  w_t(350, 351)
  w_t(351, 352)
  w_t(351, 352)
  w_t(351, 358)
    conflict gid 352
  w_t(352, 356)
    conflict gid 351
  w_t(171, 172)
    conflict gid 169
  w_t(171, 353)
    conflict gid 169
  w_t(171, 471)
    conflict gid 470
  w_t(353, 355)
  w_t(189, 190)
    conflict gid 187
  w_t(189, 354)
    conflict gid 187
  w_t(189, 497)
    conflict gid 496
  w_t(354, 355)
  w_t(355, 356)
    conflict gid 357
  w_t(355, 357)
  w_t(355, 357)
  w_t(356, 359)
  w_t(357, 358)
    conflict gid 355
  w_t(358, 359)
  w_t(359, 360)
  w_t(359, 360)
  w_t(359, 373)
    conflict gid 360
  w_t(360, 371)
    conflict gid 359
  w_t(362, 363)
    conflict gid 369
  w_t(362, 363)
    conflict gid 369
  w_t(362, 369)
  w_t(363, 367)
    conflict gid 362
  w_t(84, 85)
    conflict gid 82
  w_t(84, 298)
    conflict gid 82
  w_t(84, 613)
    conflict gid 612
  w_t(298, 300)
  w_t(150, 151)
    conflict gid 148
  w_t(150, 299)
    conflict gid 148
  w_t(150, 618)
    conflict gid 617
  w_t(299, 300)
  w_t(300, 301)
  w_t(300, 301)
  w_t(300, 307)
    conflict gid 301
  w_t(301, 305)
    conflict gid 300
  w_t(217, 218)
    conflict gid 215
  w_t(217, 302)
    conflict gid 215
  w_t(217, 623)
    conflict gid 622
  w_t(302, 304)
  w_t(247, 248)
    conflict gid 245
  w_t(247, 303)
    conflict gid 245
  w_t(247, 628)
    conflict gid 627
  w_t(303, 304)
  w_t(304, 305)
    conflict gid 306
  w_t(304, 306)
  w_t(304, 306)
  w_t(305, 308)
  w_t(306, 307)
    conflict gid 304
  w_t(307, 308)
  w_t(308, 309)
    conflict gid 310
  w_t(308, 310)
  w_t(308, 310)
  w_t(308, 364)
    conflict gid 310
  w_t(364, 366)
  w_t(310, 311)
    conflict gid 308
  w_t(310, 365)
    conflict gid 308
  w_t(365, 366)
  w_t(366, 367)
    conflict gid 368
  w_t(366, 368)
  w_t(366, 368)
  w_t(367, 370)
  w_t(368, 369)
    conflict gid 366
  w_t(369, 370)
  w_t(370, 371)
    conflict gid 372
  w_t(370, 372)
  w_t(370, 372)
  w_t(371, 374)
  w_t(372, 373)
    conflict gid 370
  w_t(373, 374)
  w_t(374, 377)
    conflict gid 380
  w_t(374, 380)
  w_t(374, 380)
  w_t(374, 386)
  w_t(374, 386)
  w_t(374, 392)
  w_t(374, 392)
  w_t(374, 418)
    conflict gid 402
  w_t(374, 444)
    conflict gid 428
  w_t(374, 470)
    conflict gid 454
  w_t(374, 496)
    conflict gid 480
  w_t(374, 502)
    conflict gid 380
  w_t(374, 502)
    conflict gid 380
  w_t(374, 558)
    conflict gid 380
  w_t(374, 581)
    conflict gid 380
  w_t(374, 581)
    conflict gid 380
  w_t(374, 610)
    conflict gid 380
  w_t(392, 395)
    conflict gid 374
  w_t(102, 104)
    conflict gid 101
  w_t(102, 322)
    conflict gid 101
  w_t(102, 414)
    conflict gid 413
  w_t(322, 324)
  w_t(120, 122)
    conflict gid 119
  w_t(120, 323)
    conflict gid 119
  w_t(120, 440)
    conflict gid 439
  w_t(323, 324)
  w_t(324, 325)
  w_t(324, 325)
  w_t(324, 331)
    conflict gid 325
  w_t(325, 329)
    conflict gid 324
  w_t(168, 170)
    conflict gid 167
  w_t(168, 326)
    conflict gid 167
  w_t(168, 466)
    conflict gid 465
  w_t(326, 328)
  w_t(186, 188)
    conflict gid 185
  w_t(186, 327)
    conflict gid 185
  w_t(186, 492)
    conflict gid 491
  w_t(327, 328)
  w_t(328, 329)
    conflict gid 330
  w_t(328, 330)
  w_t(328, 330)
  w_t(329, 332)
  w_t(330, 331)
    conflict gid 328
  w_t(331, 332)
  w_t(332, 333)
  w_t(332, 333)
  w_t(332, 346)
    conflict gid 333
  w_t(333, 344)
    conflict gid 332
  w_t(335, 336)
    conflict gid 342
  w_t(335, 336)
    conflict gid 342
  w_t(335, 342)
  w_t(336, 340)
    conflict gid 335
  w_t(81, 83)
    conflict gid 80
  w_t(81, 286)
    conflict gid 80
  w_t(81, 587)
    conflict gid 586
  w_t(286, 288)
  w_t(147, 149)
    conflict gid 146
  w_t(147, 287)
    conflict gid 146
  w_t(147, 592)
    conflict gid 591
  w_t(287, 288)
  w_t(288, 289)
  w_t(288, 289)
  w_t(288, 295)
    conflict gid 289
  w_t(289, 293)
    conflict gid 288
  w_t(214, 216)
    conflict gid 213
  w_t(214, 290)
    conflict gid 213
  w_t(214, 597)
    conflict gid 596
  w_t(290, 292)
  w_t(244, 246)
    conflict gid 243
  w_t(244, 291)
    conflict gid 243
  w_t(244, 602)
    conflict gid 601
  w_t(291, 292)
  w_t(292, 293)
    conflict gid 294
  w_t(292, 294)
  w_t(292, 294)
  w_t(293, 296)
  w_t(294, 295)
    conflict gid 292
  w_t(295, 296)
  w_t(296, 297)
  w_t(296, 297)
  w_t(296, 311)
    conflict gid 297
  w_t(296, 337)
    conflict gid 297
  w_t(337, 339)
  w_t(297, 309)
    conflict gid 296
  w_t(297, 338)
    conflict gid 296
  w_t(338, 339)
  w_t(339, 340)
    conflict gid 341
  w_t(339, 341)
  w_t(339, 341)
  w_t(340, 343)
  w_t(341, 342)
    conflict gid 339
  w_t(342, 343)
  w_t(343, 344)
    conflict gid 345
  w_t(343, 345)
  w_t(343, 345)
  w_t(344, 347)
  w_t(345, 346)
    conflict gid 343
  w_t(346, 347)
  w_t(347, 348)
    conflict gid 385
  w_t(347, 348)
    conflict gid 385
  w_t(347, 382)
    conflict gid 348
  w_t(347, 385)
    conflict gid 348
  w_t(347, 385)
    conflict gid 348
  w_t(347, 391)
    conflict gid 348
  w_t(347, 391)
    conflict gid 348
  w_t(347, 413)
    conflict gid 402
  w_t(347, 439)
    conflict gid 428
  w_t(347, 465)
    conflict gid 454
  w_t(347, 491)
    conflict gid 480
  w_t(347, 531)
    conflict gid 348
  w_t(347, 555)
    conflict gid 348
  w_t(347, 555)
    conflict gid 348
  w_t(347, 583)
    conflict gid 348
  w_t(347, 607)
    conflict gid 348
  w_t(347, 607)
    conflict gid 348
  w_t(391, 394)
    conflict gid 347
  w_t(97, 98)
    conflict gid 95
  w_t(97, 271)
    conflict gid 95
  w_t(97, 409)
    conflict gid 408
  w_t(271, 273)
  w_t(115, 116)
    conflict gid 113
  w_t(115, 272)
    conflict gid 113
  w_t(115, 435)
    conflict gid 434
  w_t(272, 273)
  w_t(273, 274)
  w_t(273, 274)
  w_t(273, 280)
    conflict gid 274
  w_t(274, 278)
    conflict gid 273
  w_t(163, 164)
    conflict gid 161
  w_t(163, 275)
    conflict gid 161
  w_t(163, 461)
    conflict gid 460
  w_t(275, 277)
  w_t(181, 182)
    conflict gid 179
  w_t(181, 276)
    conflict gid 179
  w_t(181, 487)
    conflict gid 486
  w_t(276, 277)
  w_t(277, 278)
    conflict gid 279
  w_t(277, 279)
  w_t(277, 279)
  w_t(278, 281)
  w_t(279, 280)
    conflict gid 277
  w_t(280, 281)
  w_t(281, 282)
  w_t(281, 282)
  w_t(281, 319)
    conflict gid 282
  w_t(282, 317)
    conflict gid 281
  w_t(284, 285)
    conflict gid 315
  w_t(284, 285)
    conflict gid 315
  w_t(284, 315)
  w_t(285, 313)
    conflict gid 284
  w_t(309, 312)
  w_t(311, 312)
  w_t(312, 313)
    conflict gid 314
  w_t(312, 314)
  w_t(312, 314)
  w_t(313, 316)
  w_t(314, 315)
    conflict gid 312
  w_t(315, 316)
  w_t(316, 317)
    conflict gid 318
  w_t(316, 318)
  w_t(316, 318)
  w_t(317, 320)
  w_t(318, 319)
    conflict gid 316
  w_t(319, 320)
  w_t(320, 321)
    conflict gid 379
  w_t(320, 321)
    conflict gid 379
  w_t(320, 379)
    conflict gid 321
  w_t(320, 379)
    conflict gid 321
  w_t(320, 387)
    conflict gid 321
  w_t(320, 390)
    conflict gid 321
  w_t(320, 390)
    conflict gid 321
  w_t(320, 408)
    conflict gid 402
  w_t(320, 434)
    conflict gid 428
  w_t(320, 460)
    conflict gid 454
  w_t(320, 486)
    conflict gid 480
  w_t(320, 501)
    conflict gid 321
  w_t(320, 501)
    conflict gid 321
  w_t(320, 554)
    conflict gid 321
  w_t(320, 554)
    conflict gid 321
  w_t(320, 582)
    conflict gid 321
  w_t(320, 608)
    conflict gid 321
  w_t(390, 393)
    conflict gid 320
  w_t(393, 394)
    conflict gid 320
  w_t(394, 395)
    conflict gid 320
  w_t(395, 398)
  w_t(386, 389)
    conflict gid 374
  w_t(385, 388)
    conflict gid 347
  w_t(384, 387)
    conflict gid 75
  w_t(387, 388)
    conflict gid 75
  w_t(388, 389)
    conflict gid 75
  w_t(389, 397)
  w_t(348, 376)
    conflict gid 347
  w_t(270, 375)
    conflict gid 75
  w_t(321, 375)
    conflict gid 320
  w_t(375, 376)
    conflict gid 320
  w_t(376, 377)
    conflict gid 320
  w_t(377, 396)
  w_t(380, 383)
    conflict gid 374
  w_t(378, 381)
    conflict gid 75
  w_t(379, 381)
    conflict gid 320
  w_t(381, 382)
    conflict gid 320
  w_t(382, 383)
    conflict gid 320
  w_t(383, 396)
  w_t(396, 397)
  w_t(397, 398)
  w_t(398, 402)
    conflict gid 454
  w_t(398, 428)
    conflict gid 454
  w_t(398, 454)
    conflict gid 402
  w_t(398, 480)
    conflict gid 402
  w_t(239, 241)
  w_t(240, 241)
  w_t(241, 242)
  w_t(241, 242)
  w_t(241, 252)
    conflict gid 242
  w_t(242, 250)
    conflict gid 241
  w_t(246, 249)
  w_t(248, 249)
  w_t(249, 250)
    conflict gid 251
  w_t(249, 251)
  w_t(249, 251)
  w_t(250, 253)
  w_t(251, 252)
    conflict gid 249
  w_t(252, 253)
  w_t(253, 254)
  w_t(253, 254)
  w_t(253, 267)
    conflict gid 254
  w_t(254, 265)
    conflict gid 253
  w_t(256, 257)
    conflict gid 263
  w_t(256, 257)
    conflict gid 263
  w_t(256, 263)
  w_t(257, 261)
    conflict gid 256
  w_t(114, 117)
  w_t(116, 117)
  w_t(117, 118)
  w_t(117, 118)
  w_t(117, 128)
    conflict gid 118
  w_t(118, 126)
    conflict gid 117
  w_t(122, 125)
  w_t(124, 125)
  w_t(125, 126)
    conflict gid 127
  w_t(125, 127)
  w_t(125, 127)
  w_t(126, 129)
  w_t(127, 128)
    conflict gid 125
  w_t(128, 129)
  w_t(129, 130)
    conflict gid 131
  w_t(129, 131)
  w_t(129, 131)
  w_t(129, 259)
    conflict gid 131
  w_t(131, 132)
    conflict gid 129
  w_t(131, 258)
    conflict gid 129
  w_t(180, 183)
  w_t(182, 183)
  w_t(183, 184)
  w_t(183, 184)
  w_t(183, 194)
    conflict gid 184
  w_t(184, 192)
    conflict gid 183
  w_t(188, 191)
  w_t(190, 191)
  w_t(191, 192)
    conflict gid 193
  w_t(191, 193)
  w_t(191, 193)
  w_t(192, 195)
  w_t(193, 194)
    conflict gid 191
  w_t(194, 195)
  w_t(195, 196)
    conflict gid 197
  w_t(195, 197)
  w_t(195, 197)
  w_t(195, 258)
    conflict gid 197
  w_t(258, 260)
  w_t(197, 198)
    conflict gid 195
  w_t(197, 259)
    conflict gid 195
  w_t(259, 260)
  w_t(260, 261)
    conflict gid 262
  w_t(260, 262)
  w_t(260, 262)
  w_t(261, 264)
  w_t(262, 263)
    conflict gid 260
  w_t(263, 264)
  w_t(264, 265)
    conflict gid 266
  w_t(264, 266)
  w_t(264, 266)
  w_t(265, 268)
  w_t(266, 267)
    conflict gid 264
  w_t(267, 268)
  w_t(268, 269)
    conflict gid 450
  w_t(268, 269)
    conflict gid 450
  w_t(268, 427)
    conflict gid 269
  w_t(268, 450)
    conflict gid 269
  w_t(268, 450)
    conflict gid 269
  w_t(268, 479)
    conflict gid 269
  w_t(268, 508)
    conflict gid 269
  w_t(268, 511)
  w_t(268, 511)
  w_t(268, 517)
  w_t(268, 517)
  w_t(268, 523)
  w_t(268, 523)
  w_t(268, 549)
    conflict gid 533
  w_t(268, 575)
    conflict gid 559
  w_t(268, 601)
    conflict gid 585
  w_t(268, 627)
    conflict gid 611
  w_t(269, 401)
    conflict gid 268
  w_t(209, 211)
  w_t(210, 211)
  w_t(211, 212)
  w_t(211, 212)
  w_t(211, 222)
    conflict gid 212
  w_t(212, 220)
    conflict gid 211
  w_t(216, 219)
  w_t(218, 219)
  w_t(219, 220)
    conflict gid 221
  w_t(219, 221)
  w_t(219, 221)
  w_t(220, 223)
  w_t(221, 222)
    conflict gid 219
  w_t(222, 223)
  w_t(223, 224)
  w_t(223, 224)
  w_t(223, 237)
    conflict gid 224
  w_t(224, 235)
    conflict gid 223
  w_t(226, 227)
    conflict gid 233
  w_t(226, 227)
    conflict gid 233
  w_t(226, 233)
  w_t(227, 231)
    conflict gid 226
  w_t(96, 99)
  w_t(98, 99)
  w_t(99, 100)
  w_t(99, 100)
  w_t(99, 110)
    conflict gid 100
  w_t(100, 108)
    conflict gid 99
  w_t(104, 107)
  w_t(106, 107)
  w_t(107, 108)
    conflict gid 109
  w_t(107, 109)
  w_t(107, 109)
  w_t(108, 111)
  w_t(109, 110)
    conflict gid 107
  w_t(110, 111)
  w_t(111, 112)
  w_t(111, 112)
  w_t(111, 132)
    conflict gid 112
  w_t(111, 229)
    conflict gid 112
  w_t(112, 130)
    conflict gid 111
  w_t(112, 228)
    conflict gid 111
  w_t(162, 165)
  w_t(164, 165)
  w_t(165, 166)
  w_t(165, 166)
  w_t(165, 176)
    conflict gid 166
  w_t(166, 174)
    conflict gid 165
  w_t(170, 173)
  w_t(172, 173)
  w_t(173, 174)
    conflict gid 175
  w_t(173, 175)
  w_t(173, 175)
  w_t(174, 177)
  w_t(175, 176)
    conflict gid 173
  w_t(176, 177)
  w_t(177, 178)
  w_t(177, 178)
  w_t(177, 198)
    conflict gid 178
  w_t(177, 228)
    conflict gid 178
  w_t(228, 230)
  w_t(178, 196)
    conflict gid 177
  w_t(178, 229)
    conflict gid 177
  w_t(229, 230)
  w_t(230, 231)
    conflict gid 232
  w_t(230, 232)
  w_t(230, 232)
  w_t(231, 234)
  w_t(232, 233)
    conflict gid 230
  w_t(233, 234)
  w_t(234, 235)
    conflict gid 236
  w_t(234, 236)
  w_t(234, 236)
  w_t(235, 238)
  w_t(236, 237)
    conflict gid 234
  w_t(237, 238)
  w_t(238, 400)
    conflict gid 424
  w_t(238, 424)
    conflict gid 476
  w_t(238, 424)
    conflict gid 476
  w_t(238, 452)
    conflict gid 424
  w_t(238, 476)
    conflict gid 424
  w_t(238, 476)
    conflict gid 424
  w_t(238, 505)
    conflict gid 424
  w_t(238, 505)
    conflict gid 424
  w_t(238, 513)
    conflict gid 424
  w_t(238, 516)
    conflict gid 424
  w_t(238, 516)
    conflict gid 424
  w_t(238, 522)
    conflict gid 424
  w_t(238, 522)
    conflict gid 424
  w_t(238, 544)
    conflict gid 533
  w_t(238, 570)
    conflict gid 559
  w_t(238, 596)
    conflict gid 585
  w_t(238, 622)
    conflict gid 611
  w_t(76, 78)
  w_t(77, 78)
  w_t(78, 79)
  w_t(78, 79)
  w_t(78, 89)
    conflict gid 79
  w_t(79, 87)
    conflict gid 78
  w_t(83, 86)
  w_t(85, 86)
  w_t(86, 87)
    conflict gid 88
  w_t(86, 88)
  w_t(86, 88)
  w_t(87, 90)
  w_t(88, 89)
    conflict gid 86
  w_t(89, 90)
  w_t(90, 91)
  w_t(90, 91)
  w_t(90, 140)
    conflict gid 91
  w_t(91, 138)
    conflict gid 90
  w_t(93, 94)
    conflict gid 136
  w_t(93, 94)
    conflict gid 136
  w_t(93, 136)
  w_t(94, 134)
    conflict gid 93
  w_t(130, 133)
  w_t(132, 133)
  w_t(133, 134)
    conflict gid 135
  w_t(133, 135)
  w_t(133, 135)
  w_t(134, 137)
  w_t(135, 136)
    conflict gid 133
  w_t(136, 137)
  w_t(137, 138)
    conflict gid 139
  w_t(137, 139)
  w_t(137, 139)
  w_t(138, 141)
  w_t(139, 140)
    conflict gid 137
  w_t(140, 141)
  w_t(141, 399)
    conflict gid 449
  w_t(141, 425)
    conflict gid 449
  w_t(141, 449)
    conflict gid 475
  w_t(141, 449)
    conflict gid 475
  w_t(141, 475)
    conflict gid 449
  w_t(141, 475)
    conflict gid 449
  w_t(141, 503)
    conflict gid 449
  w_t(141, 503)
    conflict gid 449
  w_t(141, 509)
    conflict gid 449
  w_t(141, 509)
    conflict gid 449
  w_t(141, 515)
    conflict gid 449
  w_t(141, 515)
    conflict gid 449
  w_t(141, 524)
    conflict gid 449
  w_t(141, 534)
    conflict gid 533
  w_t(141, 560)
    conflict gid 559
  w_t(141, 586)
    conflict gid 585
  w_t(141, 612)
    conflict gid 611
  w_t(142, 144)
  w_t(143, 144)
  w_t(144, 145)
  w_t(144, 145)
  w_t(144, 155)
    conflict gid 145
  w_t(145, 153)
    conflict gid 144
  w_t(149, 152)
  w_t(151, 152)
  w_t(152, 153)
    conflict gid 154
  w_t(152, 154)
  w_t(152, 154)
  w_t(153, 156)
  w_t(154, 155)
    conflict gid 152
  w_t(155, 156)
  w_t(156, 157)
  w_t(156, 157)
  w_t(156, 206)
    conflict gid 157
  w_t(157, 204)
    conflict gid 156
  w_t(159, 160)
    conflict gid 202
  w_t(159, 160)
    conflict gid 202
  w_t(159, 202)
  w_t(160, 200)
    conflict gid 159
  w_t(196, 199)
  w_t(198, 199)
  w_t(199, 200)
    conflict gid 201
  w_t(199, 201)
  w_t(199, 201)
  w_t(200, 203)
  w_t(201, 202)
    conflict gid 199
  w_t(202, 203)
  w_t(203, 204)
    conflict gid 205
  w_t(203, 205)
  w_t(203, 205)
  w_t(204, 207)
  w_t(205, 206)
    conflict gid 203
  w_t(206, 207)
  w_t(207, 208)
    conflict gid 423
  w_t(207, 208)
    conflict gid 423
  w_t(207, 423)
    conflict gid 208
  w_t(207, 423)
    conflict gid 208
  w_t(207, 451)
    conflict gid 208
  w_t(207, 477)
    conflict gid 208
  w_t(207, 504)
    conflict gid 208
  w_t(207, 504)
    conflict gid 208
  w_t(207, 510)
    conflict gid 208
  w_t(207, 510)
    conflict gid 208
  w_t(207, 518)
    conflict gid 208
  w_t(207, 521)
    conflict gid 208
  w_t(207, 521)
    conflict gid 208
  w_t(207, 539)
    conflict gid 533
  w_t(207, 565)
    conflict gid 559
  w_t(207, 591)
    conflict gid 585
  w_t(207, 617)
    conflict gid 611
  w_t(208, 399)
    conflict gid 207
  w_t(399, 400)
  w_t(400, 401)
  w_t(401, 402)
  w_t(402, 403)
  w_t(402, 408)
  w_t(402, 413)
  w_t(402, 418)
  w_t(403, 404)
  w_t(403, 405)
    conflict gid 404
  w_t(403, 405)
    conflict gid 404
  w_t(404, 407)
  w_t(405, 406)
    conflict gid 403
  w_t(406, 407)
  w_t(408, 409)
  w_t(408, 410)
    conflict gid 409
  w_t(408, 410)
    conflict gid 409
  w_t(409, 412)
  w_t(410, 411)
    conflict gid 408
  w_t(411, 412)
  w_t(413, 414)
  w_t(413, 415)
    conflict gid 414
  w_t(413, 415)
    conflict gid 414
  w_t(414, 417)
  w_t(415, 416)
    conflict gid 413
  w_t(416, 417)
  w_t(418, 419)
  w_t(418, 420)
    conflict gid 419
  w_t(418, 420)
    conflict gid 419
  w_t(419, 422)
  w_t(420, 421)
    conflict gid 418
  w_t(421, 422)
  w_t(424, 426)
    conflict gid 238
  w_t(423, 425)
    conflict gid 207
  w_t(425, 426)
  w_t(426, 427)
  w_t(427, 428)
  w_t(428, 429)
  w_t(428, 434)
  w_t(428, 439)
  w_t(428, 444)
  w_t(429, 430)
  w_t(429, 431)
    conflict gid 430
  w_t(429, 431)
    conflict gid 430
  w_t(430, 433)
  w_t(431, 432)
    conflict gid 429
  w_t(432, 433)
  w_t(434, 435)
  w_t(434, 436)
    conflict gid 435
  w_t(434, 436)
    conflict gid 435
  w_t(435, 438)
  w_t(436, 437)
    conflict gid 434
  w_t(437, 438)
  w_t(439, 440)
  w_t(439, 441)
    conflict gid 440
  w_t(439, 441)
    conflict gid 440
  w_t(440, 443)
  w_t(441, 442)
    conflict gid 439
  w_t(442, 443)
  w_t(444, 445)
  w_t(444, 446)
    conflict gid 445
  w_t(444, 446)
    conflict gid 445
  w_t(445, 448)
  w_t(446, 447)
    conflict gid 444
  w_t(447, 448)
  w_t(450, 453)
    conflict gid 268
  w_t(449, 451)
    conflict gid 141
  w_t(451, 452)
  w_t(452, 453)
  w_t(453, 454)
  w_t(454, 455)
  w_t(454, 460)
  w_t(454, 465)
  w_t(454, 470)
  w_t(455, 456)
  w_t(455, 457)
    conflict gid 456
  w_t(455, 457)
    conflict gid 456
  w_t(456, 459)
  w_t(457, 458)
    conflict gid 455
  w_t(458, 459)
  w_t(460, 461)
  w_t(460, 462)
    conflict gid 461
  w_t(460, 462)
    conflict gid 461
  w_t(461, 464)
  w_t(462, 463)
    conflict gid 460
  w_t(463, 464)
  w_t(465, 466)
  w_t(465, 467)
    conflict gid 466
  w_t(465, 467)
    conflict gid 466
  w_t(466, 469)
  w_t(467, 468)
    conflict gid 465
  w_t(468, 469)
  w_t(470, 471)
  w_t(470, 472)
    conflict gid 471
  w_t(470, 472)
    conflict gid 471
  w_t(471, 474)
  w_t(472, 473)
    conflict gid 470
  w_t(473, 474)
  w_t(476, 478)
    conflict gid 238
  w_t(475, 477)
    conflict gid 141
  w_t(477, 478)
  w_t(478, 479)
  w_t(479, 480)
  w_t(480, 481)
  w_t(480, 486)
  w_t(480, 491)
  w_t(480, 496)
  w_t(481, 482)
  w_t(481, 483)
    conflict gid 482
  w_t(481, 483)
    conflict gid 482
  w_t(482, 485)
  w_t(483, 484)
    conflict gid 481
  w_t(484, 485)
  w_t(486, 487)
  w_t(486, 488)
    conflict gid 487
  w_t(486, 488)
    conflict gid 487
  w_t(487, 490)
  w_t(488, 489)
    conflict gid 486
  w_t(489, 490)
  w_t(491, 492)
  w_t(491, 493)
    conflict gid 492
  w_t(491, 493)
    conflict gid 492
  w_t(492, 495)
  w_t(493, 494)
    conflict gid 491
  w_t(494, 495)
  w_t(496, 497)
  w_t(496, 498)
    conflict gid 497
  w_t(496, 498)
    conflict gid 497
  w_t(497, 500)
  w_t(498, 499)
    conflict gid 496
  w_t(499, 500)
  w_t(523, 526)
    conflict gid 268
  w_t(522, 525)
    conflict gid 238
  w_t(521, 524)
    conflict gid 207
  w_t(524, 525)
    conflict gid 207
  w_t(525, 526)
    conflict gid 207
  w_t(526, 529)
  w_t(517, 520)
    conflict gid 268
  w_t(516, 519)
    conflict gid 238
  w_t(515, 518)
    conflict gid 141
  w_t(518, 519)
    conflict gid 141
  w_t(519, 520)
    conflict gid 141
  w_t(520, 528)
  w_t(505, 507)
    conflict gid 238
  w_t(503, 506)
    conflict gid 141
  w_t(504, 506)
    conflict gid 207
  w_t(506, 507)
    conflict gid 207
  w_t(507, 508)
    conflict gid 207
  w_t(508, 527)
  w_t(511, 514)
    conflict gid 268
  w_t(509, 512)
    conflict gid 141
  w_t(510, 512)
    conflict gid 207
  w_t(512, 513)
    conflict gid 207
  w_t(513, 514)
    conflict gid 207
  w_t(514, 527)
  w_t(527, 528)
  w_t(528, 529)
  w_t(529, 533)
    conflict gid 585
  w_t(529, 559)
    conflict gid 585
  w_t(529, 585)
    conflict gid 533
  w_t(529, 611)
    conflict gid 533
  w_t(502, 532)
    conflict gid 374
  w_t(501, 530)
    conflict gid 320
  w_t(530, 531)
  w_t(531, 532)
  w_t(532, 533)
  w_t(533, 534)
  w_t(533, 539)
  w_t(533, 544)
  w_t(533, 549)
  w_t(534, 535)
  w_t(534, 536)
    conflict gid 535
  w_t(534, 536)
    conflict gid 535
  w_t(535, 538)
  w_t(536, 537)
    conflict gid 534
  w_t(537, 538)
  w_t(539, 540)
  w_t(539, 541)
    conflict gid 540
  w_t(539, 541)
    conflict gid 540
  w_t(540, 543)
  w_t(541, 542)
    conflict gid 539
  w_t(542, 543)
  w_t(544, 545)
  w_t(544, 546)
    conflict gid 545
  w_t(544, 546)
    conflict gid 545
  w_t(545, 548)
  w_t(546, 547)
    conflict gid 544
  w_t(547, 548)
  w_t(549, 550)
  w_t(549, 551)
    conflict gid 550
  w_t(549, 551)
    conflict gid 550
  w_t(550, 553)
  w_t(551, 552)
    conflict gid 549
  w_t(552, 553)
  w_t(555, 557)
    conflict gid 347
  w_t(554, 556)
    conflict gid 320
  w_t(556, 557)
  w_t(557, 558)
  w_t(558, 559)
  w_t(559, 560)
  w_t(559, 565)
  w_t(559, 570)
  w_t(559, 575)
  w_t(560, 561)
  w_t(560, 562)
    conflict gid 561
  w_t(560, 562)
    conflict gid 561
  w_t(561, 564)
  w_t(562, 563)
    conflict gid 560
  w_t(563, 564)
  w_t(565, 566)
  w_t(565, 567)
    conflict gid 566
  w_t(565, 567)
    conflict gid 566
  w_t(566, 569)
  w_t(567, 568)
    conflict gid 565
  w_t(568, 569)
  w_t(570, 571)
  w_t(570, 572)
    conflict gid 571
  w_t(570, 572)
    conflict gid 571
  w_t(571, 574)
  w_t(572, 573)
    conflict gid 570
  w_t(573, 574)
  w_t(575, 576)
  w_t(575, 577)
    conflict gid 576
  w_t(575, 577)
    conflict gid 576
  w_t(576, 579)
  w_t(577, 578)
    conflict gid 575
  w_t(578, 579)
  w_t(581, 584)
    conflict gid 374
  w_t(580, 582)
    conflict gid 75
  w_t(582, 583)
  w_t(583, 584)
  w_t(584, 585)
  w_t(585, 586)
  w_t(585, 591)
  w_t(585, 596)
  w_t(585, 601)
  w_t(586, 587)
  w_t(586, 588)
    conflict gid 587
  w_t(586, 588)
    conflict gid 587
  w_t(587, 590)
  w_t(588, 589)
    conflict gid 586
  w_t(589, 590)
  w_t(591, 592)
  w_t(591, 593)
    conflict gid 592
  w_t(591, 593)
    conflict gid 592
  w_t(592, 595)
  w_t(593, 594)
    conflict gid 591
  w_t(594, 595)
  w_t(596, 597)
  w_t(596, 598)
    conflict gid 597
  w_t(596, 598)
    conflict gid 597
  w_t(597, 600)
  w_t(598, 599)
    conflict gid 596
  w_t(599, 600)
  w_t(601, 602)
  w_t(601, 603)
    conflict gid 602
  w_t(601, 603)
    conflict gid 602
  w_t(602, 605)
  w_t(603, 604)
    conflict gid 601
  w_t(604, 605)
  w_t(607, 609)
    conflict gid 347
  w_t(606, 608)
    conflict gid 75
  w_t(608, 609)
  w_t(609, 610)
  w_t(610, 611)
  w_t(611, 612)
  w_t(611, 617)
  w_t(611, 622)
  w_t(611, 627)
  w_t(612, 613)
  w_t(612, 614)
    conflict gid 613
  w_t(612, 614)
    conflict gid 613
  w_t(613, 616)
  w_t(614, 615)
    conflict gid 612
  w_t(615, 616)
  w_t(617, 618)
  w_t(617, 619)
    conflict gid 618
  w_t(617, 619)
    conflict gid 618
  w_t(618, 621)
  w_t(619, 620)
    conflict gid 617
  w_t(620, 621)
  w_t(622, 623)
  w_t(622, 624)
    conflict gid 623
  w_t(622, 624)
    conflict gid 623
  w_t(623, 626)
  w_t(624, 625)
    conflict gid 622
  w_t(625, 626)
  w_t(627, 628)
  w_t(627, 629)
    conflict gid 628
  w_t(627, 629)
    conflict gid 628
  w_t(628, 631)
  w_t(629, 630)
    conflict gid 627
  w_t(630, 631)

----  Statistic  ----
Total time usage: 0.359375 s
#wire: 1004
2-Way rar alternatives: 548
RAR wire alternatives: 0
RAR gate alternatives: 0
#tar: 548
#alt: 548

cir> cirrarw -d /tmp
writing files...done

cir> q -f

