cir> cirr tests/ex01.aag

cir> cirrar
---- Begin SATRar Process ----

  w_t(8, 11)
    g_d = 11
    g_d = 14
      decide !9
      decide !12
      decide !10
    g_d = 7
      decide !9
      decide !12
      decide !10
      decide !13

  w_t(11, 14)
    g_d = 14
      decide !9
      decide !12
      decide !10
    g_d = 7
      decide !9
      decide !12
      decide !10
      decide !13

  w_t(9, 12)
    g_d = 12
    g_d = 13
      decide !8
    g_d = 14
      decide !8
      decide  10
    g_d = 7
      decide !8
      decide !11
      decide  10

  w_t(12, 13)
    g_d = 13
      decide !8
        conflict gid 9
    g_d = 14
      decide !8
      decide  10
    g_d = 7
      decide !8
        conflict gid 9

  w_t(10, 13)
    g_d = 13
    g_d = 14
      decide !12
    g_d = 7
      decide !11
      decide !12

  w_t(13, 14)
    g_d = 14
    g_d = 7
      decide !11

  w_t(14, 7)
    g_d = 7

cir> cirrarw -d /tmp


---- writing files ----

cir> q -f

